0 verbose cli C:\Program Files\nodejs\node.exe C:\Program Files\nodejs\node_global\node_modules\npm\bin\npm-cli.js
1 info using npm@11.6.2
2 info using node@v24.10.0
3 silly config load:file:C:\Program Files\nodejs\node_global\node_modules\npm\npmrc
4 silly config load:file:C:\Users\Administrator\Desktop\blog\2025-blog-public\.npmrc
5 warn Unknown project config "enable-pre-post-scripts". This will stop working in the next major version of npm.
6 silly config load:file:C:\Users\Administrator\.npmrc
7 silly config load:file:C:\Program Files\nodejs\node_global\etc\npmrc
8 verbose title npm install emmet-monaco-es
9 verbose argv "install" "emmet-monaco-es"
10 verbose logfile logs-max:10 dir:C:\Users\Administrator\Desktop\blog\2025-blog-public\.npm-cache\_logs\2026-02-06T08_17_28_048Z-
11 verbose logfile C:\Users\Administrator\Desktop\blog\2025-blog-public\.npm-cache\_logs\2026-02-06T08_17_28_048Z-debug-0.log
12 silly logfile start cleaning logs, removing 1 files
13 silly packumentCache heap:4496293888 maxSize:1124073472 maxEntrySize:562036736
14 silly logfile done cleaning log files
15 silly idealTree buildDeps
16 silly fetch manifest emmet-monaco-es@*
17 silly packumentCache full:https://registry.npmjs.org/emmet-monaco-es cache-miss
18 http fetch GET 200 https://registry.npmjs.org/emmet-monaco-es 841ms (cache miss)
19 silly packumentCache full:https://registry.npmjs.org/emmet-monaco-es set size:undefined disposed:false
20 silly fetch manifest monaco-editor@^0.55.1
21 silly packumentCache full:https://registry.npmjs.org/monaco-editor cache-miss
22 http fetch GET 200 https://registry.npmjs.org/monaco-editor 773ms (cache updated)
23 silly packumentCache full:https://registry.npmjs.org/monaco-editor set size:undefined disposed:false
24 silly placeDep ROOT emmet-monaco-es@5.6.1 OK for: 2025-blog-vue@0.0.0 want: *
25 silly fetch manifest emmet@^2.4.11
26 silly packumentCache full:https://registry.npmjs.org/emmet cache-miss
27 http fetch GET 200 https://registry.npmjs.org/emmet 213ms (cache miss)
28 silly packumentCache full:https://registry.npmjs.org/emmet set size:undefined disposed:false
29 silly placeDep ROOT emmet@2.4.11 OK for: emmet-monaco-es@5.6.1 want: ^2.4.11
30 silly fetch manifest @emmetio/abbreviation@^2.3.3
31 silly packumentCache full:https://registry.npmjs.org/@emmetio%2fabbreviation cache-miss
32 silly fetch manifest @emmetio/css-abbreviation@^2.1.8
33 silly packumentCache full:https://registry.npmjs.org/@emmetio%2fcss-abbreviation cache-miss
34 http fetch GET 200 https://registry.npmjs.org/@emmetio%2fabbreviation 219ms (cache miss)
35 silly packumentCache full:https://registry.npmjs.org/@emmetio%2fabbreviation set size:undefined disposed:false
36 http fetch GET 200 https://registry.npmjs.org/@emmetio%2fcss-abbreviation 725ms (cache miss)
37 silly packumentCache full:https://registry.npmjs.org/@emmetio%2fcss-abbreviation set size:undefined disposed:false
38 silly placeDep ROOT @emmetio/abbreviation@2.3.3 OK for: emmet@2.4.11 want: ^2.3.3
39 silly placeDep ROOT @emmetio/css-abbreviation@2.1.8 OK for: emmet@2.4.11 want: ^2.1.8
40 silly fetch manifest @emmetio/scanner@^1.0.4
41 silly packumentCache full:https://registry.npmjs.org/@emmetio%2fscanner cache-miss
42 silly fetch manifest @emmetio/scanner@^1.0.4
43 silly packumentCache full:https://registry.npmjs.org/@emmetio%2fscanner cache-miss
44 http fetch GET 200 https://registry.npmjs.org/@emmetio%2fscanner 205ms (cache miss)
45 silly packumentCache full:https://registry.npmjs.org/@emmetio%2fscanner set size:undefined disposed:false
46 http fetch GET 200 https://registry.npmjs.org/@emmetio%2fscanner 218ms (cache miss)
47 silly packumentCache full:https://registry.npmjs.org/@emmetio%2fscanner set size:undefined disposed:false
48 silly placeDep ROOT @emmetio/scanner@1.0.4 OK for: @emmetio/abbreviation@2.3.3 want: ^1.0.4
49 silly reify moves {}
50 silly audit bulk request {
50 silly audit   '@alloc/quick-lru': [ '5.2.0' ],
50 silly audit   '@babel/generator': [ '7.29.1' ],
50 silly audit   '@babel/helper-string-parser': [ '7.27.1' ],
50 silly audit   '@babel/helper-validator-identifier': [ '7.28.5' ],
50 silly audit   '@babel/parser': [ '7.29.0' ],
50 silly audit   '@babel/types': [ '7.29.0' ],
50 silly audit   '@esbuild/aix-ppc64': [ '0.21.5' ],
50 silly audit   '@esbuild/android-arm': [ '0.21.5' ],
50 silly audit   '@esbuild/android-arm64': [ '0.21.5' ],
50 silly audit   '@esbuild/android-x64': [ '0.21.5' ],
50 silly audit   '@esbuild/darwin-arm64': [ '0.21.5' ],
50 silly audit   '@esbuild/darwin-x64': [ '0.21.5' ],
50 silly audit   '@esbuild/freebsd-arm64': [ '0.21.5' ],
50 silly audit   '@esbuild/freebsd-x64': [ '0.21.5' ],
50 silly audit   '@esbuild/linux-arm': [ '0.21.5' ],
50 silly audit   '@esbuild/linux-arm64': [ '0.21.5' ],
50 silly audit   '@esbuild/linux-ia32': [ '0.21.5' ],
50 silly audit   '@esbuild/linux-loong64': [ '0.21.5' ],
50 silly audit   '@esbuild/linux-mips64el': [ '0.21.5' ],
50 silly audit   '@esbuild/linux-ppc64': [ '0.21.5' ],
50 silly audit   '@esbuild/linux-riscv64': [ '0.21.5' ],
50 silly audit   '@esbuild/linux-s390x': [ '0.21.5' ],
50 silly audit   '@esbuild/linux-x64': [ '0.21.5' ],
50 silly audit   '@esbuild/netbsd-x64': [ '0.21.5' ],
50 silly audit   '@esbuild/openbsd-x64': [ '0.21.5' ],
50 silly audit   '@esbuild/sunos-x64': [ '0.21.5' ],
50 silly audit   '@esbuild/win32-arm64': [ '0.21.5' ],
50 silly audit   '@esbuild/win32-ia32': [ '0.21.5' ],
50 silly audit   '@esbuild/win32-x64': [ '0.21.5' ],
50 silly audit   '@jridgewell/gen-mapping': [ '0.3.13' ],
50 silly audit   '@jridgewell/remapping': [ '2.3.5' ],
50 silly audit   '@jridgewell/resolve-uri': [ '3.1.2' ],
50 silly audit   '@jridgewell/sourcemap-codec': [ '1.5.5' ],
50 silly audit   '@jridgewell/trace-mapping': [ '0.3.31' ],
50 silly audit   '@nodelib/fs.scandir': [ '2.1.5' ],
50 silly audit   '@nodelib/fs.stat': [ '2.0.5' ],
50 silly audit   '@nodelib/fs.walk': [ '1.2.8' ],
50 silly audit   '@rollup/rollup-android-arm-eabi': [ '4.57.1' ],
50 silly audit   '@rollup/rollup-android-arm64': [ '4.57.1' ],
50 silly audit   '@rollup/rollup-darwin-arm64': [ '4.57.1' ],
50 silly audit   '@rollup/rollup-darwin-x64': [ '4.57.1' ],
50 silly audit   '@rollup/rollup-freebsd-arm64': [ '4.57.1' ],
50 silly audit   '@rollup/rollup-freebsd-x64': [ '4.57.1' ],
50 silly audit   '@rollup/rollup-linux-arm-gnueabihf': [ '4.57.1' ],
50 silly audit   '@rollup/rollup-linux-arm-musleabihf': [ '4.57.1' ],
50 silly audit   '@rollup/rollup-linux-arm64-gnu': [ '4.57.1' ],
50 silly audit   '@rollup/rollup-linux-arm64-musl': [ '4.57.1' ],
50 silly audit   '@rollup/rollup-linux-loong64-gnu': [ '4.57.1' ],
50 silly audit   '@rollup/rollup-linux-loong64-musl': [ '4.57.1' ],
50 silly audit   '@rollup/rollup-linux-ppc64-gnu': [ '4.57.1' ],
50 silly audit   '@rollup/rollup-linux-ppc64-musl': [ '4.57.1' ],
50 silly audit   '@rollup/rollup-linux-riscv64-gnu': [ '4.57.1' ],
50 silly audit   '@rollup/rollup-linux-riscv64-musl': [ '4.57.1' ],
50 silly audit   '@rollup/rollup-linux-s390x-gnu': [ '4.57.1' ],
50 silly audit   '@rollup/rollup-linux-x64-gnu': [ '4.57.1' ],
50 silly audit   '@rollup/rollup-linux-x64-musl': [ '4.57.1' ],
50 silly audit   '@rollup/rollup-openbsd-x64': [ '4.57.1' ],
50 silly audit   '@rollup/rollup-openharmony-arm64': [ '4.57.1' ],
50 silly audit   '@rollup/rollup-win32-arm64-msvc': [ '4.57.1' ],
50 silly audit   '@rollup/rollup-win32-ia32-msvc': [ '4.57.1' ],
50 silly audit   '@rollup/rollup-win32-x64-gnu': [ '4.57.1' ],
50 silly audit   '@rollup/rollup-win32-x64-msvc': [ '4.57.1' ],
50 silly audit   '@tailwindcss/typography': [ '0.5.19' ],
50 silly audit   'postcss-selector-parser': [ '6.0.10', '6.1.2' ],
50 silly audit   '@types/estree': [ '1.0.8' ],
50 silly audit   '@types/trusted-types': [ '2.0.7' ],
50 silly audit   '@vitejs/plugin-vue': [ '5.2.4' ],
50 silly audit   '@vue-macros/common': [ '3.1.2' ],
50 silly audit   '@vue/compiler-core': [ '3.5.27' ],
50 silly audit   '@vue/compiler-dom': [ '3.5.27' ],
50 silly audit   '@vue/compiler-sfc': [ '3.5.27' ],
50 silly audit   '@vue/compiler-ssr': [ '3.5.27' ],
50 silly audit   '@vue/devtools-api': [ '8.0.6' ],
50 silly audit   '@vue/devtools-kit': [ '8.0.6' ],
50 silly audit   '@vue/devtools-shared': [ '8.0.6' ],
50 silly audit   '@vue/reactivity': [ '3.5.27' ],
50 silly audit   '@vue/runtime-core': [ '3.5.27' ],
50 silly audit   '@vue/runtime-dom': [ '3.5.27' ],
50 silly audit   '@vue/server-renderer': [ '3.5.27' ],
50 silly audit   '@vue/shared': [ '3.5.27' ],
50 silly audit   acorn: [ '8.15.0' ],
50 silly audit   'any-promise': [ '1.3.0' ],
50 silly audit   anymatch: [ '3.1.3' ],
50 silly audit   arg: [ '5.0.2' ],
50 silly audit   'ast-kit': [ '2.2.0' ],
50 silly audit   'ast-walker-scope': [ '0.8.3' ],
50 silly audit   autoprefixer: [ '10.4.24' ],
50 silly audit   'baseline-browser-mapping': [ '2.9.19' ],
50 silly audit   'binary-extensions': [ '2.3.0' ],
50 silly audit   birpc: [ '2.9.0' ],
50 silly audit   braces: [ '3.0.3' ],
50 silly audit   browserslist: [ '4.28.1' ],
50 silly audit   'camelcase-css': [ '2.0.1' ],
50 silly audit   'caniuse-lite': [ '1.0.30001767' ],
50 silly audit   chokidar: [ '3.6.0', '5.0.0' ],
50 silly audit   'glob-parent': [ '5.1.2', '6.0.2' ],
50 silly audit   commander: [ '4.1.1' ],
50 silly audit   confbox: [ '0.2.2', '0.1.8' ],
50 silly audit   'copy-anything': [ '4.0.5' ],
50 silly audit   cssesc: [ '3.0.0' ],
50 silly audit   csstype: [ '3.2.3' ],
50 silly audit   didyoumean: [ '1.2.2' ],
50 silly audit   dlv: [ '1.1.3' ],
50 silly audit   dompurify: [ '3.2.7' ],
50 silly audit   'electron-to-chromium': [ '1.5.286' ],
50 silly audit   entities: [ '7.0.1' ],
50 silly audit   esbuild: [ '0.21.5' ],
50 silly audit   escalade: [ '3.2.0' ],
50 silly audit   'estree-walker': [ '2.0.2' ],
50 silly audit   exsolve: [ '1.0.8' ],
50 silly audit   'fast-glob': [ '3.3.3' ],
50 silly audit   fastq: [ '1.20.1' ],
50 silly audit   'fill-range': [ '7.1.1' ],
50 silly audit   'fraction.js': [ '5.3.4' ],
50 silly audit   fsevents: [ '2.3.3' ],
50 silly audit   'function-bind': [ '1.1.2' ],
50 silly audit   hasown: [ '2.0.2' ],
50 silly audit   'highlight.js': [ '11.11.1' ],
50 silly audit   hookable: [ '5.5.3' ],
50 silly audit   'is-binary-path': [ '2.1.0' ],
50 silly audit   'is-core-module': [ '2.16.1' ],
50 silly audit   'is-extglob': [ '2.1.1' ],
50 silly audit   'is-glob': [ '4.0.3' ],
50 silly audit   'is-number': [ '7.0.0' ],
50 silly audit   'is-what': [ '5.5.0' ],
50 silly audit   jiti: [ '1.21.7' ],
50 silly audit   jsesc: [ '3.1.0' ],
50 silly audit   json5: [ '2.2.3' ],
50 silly audit   jsrsasign: [ '11.1.0' ],
50 silly audit   lilconfig: [ '3.1.3' ],
50 silly audit   'lines-and-columns': [ '1.2.4' ],
50 silly audit   'local-pkg': [ '1.1.2' ],
50 silly audit   'lucide-vue-next': [ '0.563.0' ],
50 silly audit   'magic-string': [ '0.30.21' ],
50 silly audit   'magic-string-ast': [ '1.0.3' ],
50 silly audit   marked: [ '17.0.1', '14.0.0' ],
50 silly audit   merge2: [ '1.4.1' ],
50 silly audit   micromatch: [ '4.0.8' ],
50 silly audit   mitt: [ '3.0.1' ],
50 silly audit   mlly: [ '1.8.0' ],
50 silly audit   'pkg-types': [ '1.3.1', '2.3.0' ],
50 silly audit   'monaco-editor': [ '0.55.1' ],
50 silly audit   'muggle-string': [ '0.4.1' ],
50 silly audit   mz: [ '2.7.0' ],
50 silly audit   nanoid: [ '3.3.11' ],
50 silly audit   'node-releases': [ '2.0.27' ],
50 silly audit   'normalize-path': [ '3.0.0' ],
50 silly audit   'object-assign': [ '4.1.1' ],
50 silly audit   'object-hash': [ '3.0.0' ],
50 silly audit   'path-parse': [ '1.0.7' ],
50 silly audit   pathe: [ '2.0.3' ],
50 silly audit   'perfect-debounce': [ '2.1.0' ],
50 silly audit   picocolors: [ '1.1.1' ],
50 silly audit   picomatch: [ '2.3.1', '4.0.3' ],
50 silly audit   pify: [ '2.3.0' ],
50 silly audit   pirates: [ '4.0.7' ],
50 silly audit   postcss: [ '8.5.6' ],
50 silly audit   'postcss-import': [ '15.1.0' ],
50 silly audit   'postcss-js': [ '4.1.0' ],
50 silly audit   'postcss-load-config': [ '6.0.1' ],
50 silly audit   'postcss-nested': [ '6.2.0' ],
50 silly audit   'postcss-value-parser': [ '4.2.0' ],
50 silly audit   quansync: [ '0.2.11' ],
50 silly audit   'queue-microtask': [ '1.2.3' ],
50 silly audit   'read-cache': [ '1.0.0' ],
50 silly audit   readdirp: [ '3.6.0', '5.0.0' ],
50 silly audit   resolve: [ '1.22.11' ],
50 silly audit   reusify: [ '1.1.0' ],
50 silly audit   rfdc: [ '1.4.1' ],
50 silly audit   rollup: [ '4.57.1' ],
50 silly audit   'run-parallel': [ '1.2.0' ],
50 silly audit   scule: [ '1.3.0' ],
50 silly audit   'source-map-js': [ '1.2.1' ],
50 silly audit   speakingurl: [ '14.0.1' ],
50 silly audit   sucrase: [ '3.35.1' ],
50 silly audit   superjson: [ '2.2.6' ],
50 silly audit   'supports-preserve-symlinks-flag': [ '1.0.0' ],
50 silly audit   tailwindcss: [ '3.4.19' ],
50 silly audit   thenify: [ '3.3.1' ],
50 silly audit   'thenify-all': [ '1.6.0' ],
50 silly audit   tinyglobby: [ '0.2.15' ],
50 silly audit   fdir: [ '6.5.0' ],
50 silly audit   'to-regex-range': [ '5.0.1' ],
50 silly audit   'ts-interface-checker': [ '0.1.13' ],
50 silly audit   ufo: [ '1.6.3' ],
50 silly audit   unplugin: [ '3.0.0' ],
50 silly audit   'unplugin-utils': [ '0.3.1' ],
50 silly audit   'update-browserslist-db': [ '1.2.3' ],
50 silly audit   'util-deprecate': [ '1.0.2' ],
50 silly audit   vite: [ '5.4.21' ],
50 silly audit   vue: [ '3.5.27' ],
50 silly audit   'vue-router': [ '5.0.2' ],
50 silly audit   'vue-sonner': [ '2.0.9' ],
50 silly audit   'webpack-virtual-modules': [ '0.6.2' ],
50 silly audit   yaml: [ '2.8.2' ],
50 silly audit   'emmet-monaco-es': [ '5.6.1' ],
50 silly audit   emmet: [ '2.4.11' ],
50 silly audit   '@emmetio/abbreviation': [ '2.3.3' ],
50 silly audit   '@emmetio/css-abbreviation': [ '2.1.8' ],
50 silly audit   '@emmetio/scanner': [ '1.0.4' ]
50 silly audit }
51 http cache emmet-monaco-es@https://registry.npmjs.org/emmet-monaco-es/-/emmet-monaco-es-5.6.1.tgz 0ms (cache hit)
52 http cache emmet@https://registry.npmjs.org/emmet/-/emmet-2.4.11.tgz 0ms (cache hit)
53 silly tarball no local data for emmet-monaco-es@https://registry.npmjs.org/emmet-monaco-es/-/emmet-monaco-es-5.6.1.tgz. Extracting by manifest.
54 silly tarball no local data for emmet@https://registry.npmjs.org/emmet/-/emmet-2.4.11.tgz. Extracting by manifest.
55 http cache @emmetio/scanner@https://registry.npmjs.org/@emmetio/scanner/-/scanner-1.0.4.tgz 0ms (cache hit)
56 http cache @emmetio/css-abbreviation@https://registry.npmjs.org/@emmetio/css-abbreviation/-/css-abbreviation-2.1.8.tgz 0ms (cache hit)
57 http cache @emmetio/abbreviation@https://registry.npmjs.org/@emmetio/abbreviation/-/abbreviation-2.3.3.tgz 0ms (cache hit)
58 silly tarball no local data for @emmetio/scanner@https://registry.npmjs.org/@emmetio/scanner/-/scanner-1.0.4.tgz. Extracting by manifest.
59 silly tarball no local data for @emmetio/css-abbreviation@https://registry.npmjs.org/@emmetio/css-abbreviation/-/css-abbreviation-2.1.8.tgz. Extracting by manifest.
60 silly tarball no local data for @emmetio/abbreviation@https://registry.npmjs.org/@emmetio/abbreviation/-/abbreviation-2.3.3.tgz. Extracting by manifest.
61 http fetch POST 200 https://registry.npmjs.org/-/npm/v1/security/advisories/bulk 215ms
62 silly audit report {
62 silly audit report   esbuild: [
62 silly audit report     {
62 silly audit report       id: 1102341,
62 silly audit report       url: 'https://github.com/advisories/GHSA-67mh-4wv8-2f99',
62 silly audit report       title: 'esbuild enables any website to send any requests to the development server and read the response',
62 silly audit report       severity: 'moderate',
62 silly audit report       vulnerable_versions: '<=0.24.2',
62 silly audit report       cwe: [Array],
62 silly audit report       cvss: [Object]
62 silly audit report     }
62 silly audit report   ]
62 silly audit report }
63 silly packumentCache corgi:https://registry.npmjs.org/esbuild cache-miss
64 http fetch GET 200 https://registry.npmjs.org/emmet-monaco-es/-/emmet-monaco-es-5.6.1.tgz 289ms (cache miss)
65 http fetch GET 200 https://registry.npmjs.org/@emmetio/css-abbreviation/-/css-abbreviation-2.1.8.tgz 748ms (cache miss)
66 http fetch GET 200 https://registry.npmjs.org/@emmetio/abbreviation/-/abbreviation-2.3.3.tgz 800ms (cache miss)
67 http fetch GET 200 https://registry.npmjs.org/@emmetio/scanner/-/scanner-1.0.4.tgz 829ms (cache miss)
68 http fetch GET 200 https://registry.npmjs.org/esbuild 809ms (cache updated)
69 silly packumentCache corgi:https://registry.npmjs.org/esbuild set size:undefined disposed:false
70 silly packumentCache corgi:https://registry.npmjs.org/vite cache-miss
71 http fetch GET 200 https://registry.npmjs.org/emmet/-/emmet-2.4.11.tgz 1225ms (cache miss)
72 http fetch GET 200 https://registry.npmjs.org/vite 253ms (cache revalidated)
73 silly packumentCache corgi:https://registry.npmjs.org/vite set size:2181475 disposed:false
74 silly packumentCache corgi:https://registry.npmjs.org/@vitejs%2fplugin-vue cache-miss
75 http fetch GET 200 https://registry.npmjs.org/@vitejs%2fplugin-vue 223ms (cache revalidated)
76 silly packumentCache corgi:https://registry.npmjs.org/@vitejs%2fplugin-vue set size:170535 disposed:false
77 silly ADD node_modules/@emmetio/scanner
78 silly ADD node_modules/@emmetio/css-abbreviation
79 silly ADD node_modules/@emmetio/abbreviation
80 silly ADD node_modules/emmet
81 silly ADD node_modules/emmet-monaco-es
82 verbose cwd C:\Users\Administrator\Desktop\blog\2025-blog-public
83 verbose os Windows_NT 10.0.26200
84 verbose node v24.10.0
85 verbose npm  v11.6.2
86 verbose exit 0
87 info ok
