0 verbose cli C:\Program Files\nodejs\node.exe C:\Program Files\nodejs\node_global\node_modules\npm\bin\npm-cli.js
1 info using npm@11.6.2
2 info using node@v24.10.0
3 silly config load:file:C:\Program Files\nodejs\node_global\node_modules\npm\npmrc
4 silly config load:file:C:\Users\Administrator\Desktop\blog\2025-blog-public\.npmrc
5 warn Unknown project config "enable-pre-post-scripts". This will stop working in the next major version of npm.
6 silly config load:file:C:\Users\Administrator\.npmrc
7 silly config load:file:C:\Program Files\nodejs\node_global\etc\npmrc
8 verbose title npm install lucide-vue-next @tailwindcss/typography
9 verbose argv "install" "lucide-vue-next" "@tailwindcss/typography"
10 verbose logfile logs-max:10 dir:C:\Users\Administrator\Desktop\blog\2025-blog-public\.npm-cache\_logs\2026-02-05T05_55_11_973Z-
11 verbose logfile C:\Users\Administrator\Desktop\blog\2025-blog-public\.npm-cache\_logs\2026-02-05T05_55_11_973Z-debug-0.log
12 silly logfile start cleaning logs, removing 1 files
13 silly packumentCache heap:4496293888 maxSize:1124073472 maxEntrySize:562036736
14 silly logfile done cleaning log files
15 silly idealTree buildDeps
16 silly fetch manifest lucide-vue-next@*
17 silly packumentCache full:https://registry.npmjs.org/lucide-vue-next cache-miss
18 http fetch GET 200 https://registry.npmjs.org/lucide-vue-next 1333ms (cache miss)
19 silly packumentCache full:https://registry.npmjs.org/lucide-vue-next set size:undefined disposed:false
20 silly fetch manifest vue@^3.4.0
21 silly packumentCache full:https://registry.npmjs.org/vue cache-miss
22 http fetch GET 200 https://registry.npmjs.org/vue 236ms (cache revalidated)
23 silly packumentCache full:https://registry.npmjs.org/vue set size:1987404 disposed:false
24 silly fetch manifest typescript@*
25 silly packumentCache full:https://registry.npmjs.org/typescript cache-miss
26 http fetch GET 200 https://registry.npmjs.org/typescript 252ms (cache revalidated)
27 silly packumentCache full:https://registry.npmjs.org/typescript set size:15204797 disposed:false
28 silly fetch manifest @tailwindcss/typography@*
29 silly packumentCache full:https://registry.npmjs.org/@tailwindcss%2ftypography cache-miss
30 http fetch GET 200 https://registry.npmjs.org/@tailwindcss%2ftypography 257ms (cache miss)
31 silly packumentCache full:https://registry.npmjs.org/@tailwindcss%2ftypography set size:undefined disposed:false
32 silly fetch manifest tailwindcss@^3.4.0
33 silly packumentCache full:https://registry.npmjs.org/tailwindcss cache-miss
34 http fetch GET 200 https://registry.npmjs.org/tailwindcss 243ms (cache revalidated)
35 silly packumentCache full:https://registry.npmjs.org/tailwindcss set size:10149734 disposed:false
36 silly placeDep ROOT @tailwindcss/typography@0.5.19 OK for: 2025-blog-vue@0.0.0 want: *
37 silly placeDep ROOT lucide-vue-next@0.563.0 OK for: 2025-blog-vue@0.0.0 want: *
38 silly fetch manifest postcss-selector-parser@6.0.10
39 silly packumentCache full:https://registry.npmjs.org/postcss-selector-parser cache-miss
40 http fetch GET 200 https://registry.npmjs.org/postcss-selector-parser 229ms (cache revalidated)
41 silly packumentCache full:https://registry.npmjs.org/postcss-selector-parser set size:177140 disposed:false
42 silly placeDep node_modules/@tailwindcss/typography postcss-selector-parser@6.0.10 OK for: @tailwindcss/typography@0.5.19 want: 6.0.10
43 silly reify moves {}
44 silly audit bulk request {
44 silly audit   '@alloc/quick-lru': [ '5.2.0' ],
44 silly audit   '@babel/generator': [ '7.29.1' ],
44 silly audit   '@babel/helper-string-parser': [ '7.27.1' ],
44 silly audit   '@babel/helper-validator-identifier': [ '7.28.5' ],
44 silly audit   '@babel/parser': [ '7.29.0' ],
44 silly audit   '@babel/types': [ '7.29.0' ],
44 silly audit   '@esbuild/aix-ppc64': [ '0.21.5' ],
44 silly audit   '@esbuild/android-arm': [ '0.21.5' ],
44 silly audit   '@esbuild/android-arm64': [ '0.21.5' ],
44 silly audit   '@esbuild/android-x64': [ '0.21.5' ],
44 silly audit   '@esbuild/darwin-arm64': [ '0.21.5' ],
44 silly audit   '@esbuild/darwin-x64': [ '0.21.5' ],
44 silly audit   '@esbuild/freebsd-arm64': [ '0.21.5' ],
44 silly audit   '@esbuild/freebsd-x64': [ '0.21.5' ],
44 silly audit   '@esbuild/linux-arm': [ '0.21.5' ],
44 silly audit   '@esbuild/linux-arm64': [ '0.21.5' ],
44 silly audit   '@esbuild/linux-ia32': [ '0.21.5' ],
44 silly audit   '@esbuild/linux-loong64': [ '0.21.5' ],
44 silly audit   '@esbuild/linux-mips64el': [ '0.21.5' ],
44 silly audit   '@esbuild/linux-ppc64': [ '0.21.5' ],
44 silly audit   '@esbuild/linux-riscv64': [ '0.21.5' ],
44 silly audit   '@esbuild/linux-s390x': [ '0.21.5' ],
44 silly audit   '@esbuild/linux-x64': [ '0.21.5' ],
44 silly audit   '@esbuild/netbsd-x64': [ '0.21.5' ],
44 silly audit   '@esbuild/openbsd-x64': [ '0.21.5' ],
44 silly audit   '@esbuild/sunos-x64': [ '0.21.5' ],
44 silly audit   '@esbuild/win32-arm64': [ '0.21.5' ],
44 silly audit   '@esbuild/win32-ia32': [ '0.21.5' ],
44 silly audit   '@esbuild/win32-x64': [ '0.21.5' ],
44 silly audit   '@jridgewell/gen-mapping': [ '0.3.13' ],
44 silly audit   '@jridgewell/remapping': [ '2.3.5' ],
44 silly audit   '@jridgewell/resolve-uri': [ '3.1.2' ],
44 silly audit   '@jridgewell/sourcemap-codec': [ '1.5.5' ],
44 silly audit   '@jridgewell/trace-mapping': [ '0.3.31' ],
44 silly audit   '@nodelib/fs.scandir': [ '2.1.5' ],
44 silly audit   '@nodelib/fs.stat': [ '2.0.5' ],
44 silly audit   '@nodelib/fs.walk': [ '1.2.8' ],
44 silly audit   '@rollup/rollup-android-arm-eabi': [ '4.57.1' ],
44 silly audit   '@rollup/rollup-android-arm64': [ '4.57.1' ],
44 silly audit   '@rollup/rollup-darwin-arm64': [ '4.57.1' ],
44 silly audit   '@rollup/rollup-darwin-x64': [ '4.57.1' ],
44 silly audit   '@rollup/rollup-freebsd-arm64': [ '4.57.1' ],
44 silly audit   '@rollup/rollup-freebsd-x64': [ '4.57.1' ],
44 silly audit   '@rollup/rollup-linux-arm-gnueabihf': [ '4.57.1' ],
44 silly audit   '@rollup/rollup-linux-arm-musleabihf': [ '4.57.1' ],
44 silly audit   '@rollup/rollup-linux-arm64-gnu': [ '4.57.1' ],
44 silly audit   '@rollup/rollup-linux-arm64-musl': [ '4.57.1' ],
44 silly audit   '@rollup/rollup-linux-loong64-gnu': [ '4.57.1' ],
44 silly audit   '@rollup/rollup-linux-loong64-musl': [ '4.57.1' ],
44 silly audit   '@rollup/rollup-linux-ppc64-gnu': [ '4.57.1' ],
44 silly audit   '@rollup/rollup-linux-ppc64-musl': [ '4.57.1' ],
44 silly audit   '@rollup/rollup-linux-riscv64-gnu': [ '4.57.1' ],
44 silly audit   '@rollup/rollup-linux-riscv64-musl': [ '4.57.1' ],
44 silly audit   '@rollup/rollup-linux-s390x-gnu': [ '4.57.1' ],
44 silly audit   '@rollup/rollup-linux-x64-gnu': [ '4.57.1' ],
44 silly audit   '@rollup/rollup-linux-x64-musl': [ '4.57.1' ],
44 silly audit   '@rollup/rollup-openbsd-x64': [ '4.57.1' ],
44 silly audit   '@rollup/rollup-openharmony-arm64': [ '4.57.1' ],
44 silly audit   '@rollup/rollup-win32-arm64-msvc': [ '4.57.1' ],
44 silly audit   '@rollup/rollup-win32-ia32-msvc': [ '4.57.1' ],
44 silly audit   '@rollup/rollup-win32-x64-gnu': [ '4.57.1' ],
44 silly audit   '@rollup/rollup-win32-x64-msvc': [ '4.57.1' ],
44 silly audit   '@types/estree': [ '1.0.8' ],
44 silly audit   '@vitejs/plugin-vue': [ '5.2.4' ],
44 silly audit   '@vue-macros/common': [ '3.1.2' ],
44 silly audit   '@vue/compiler-core': [ '3.5.27' ],
44 silly audit   '@vue/compiler-dom': [ '3.5.27' ],
44 silly audit   '@vue/compiler-sfc': [ '3.5.27' ],
44 silly audit   '@vue/compiler-ssr': [ '3.5.27' ],
44 silly audit   '@vue/devtools-api': [ '8.0.6' ],
44 silly audit   '@vue/devtools-kit': [ '8.0.6' ],
44 silly audit   '@vue/devtools-shared': [ '8.0.6' ],
44 silly audit   '@vue/reactivity': [ '3.5.27' ],
44 silly audit   '@vue/runtime-core': [ '3.5.27' ],
44 silly audit   '@vue/runtime-dom': [ '3.5.27' ],
44 silly audit   '@vue/server-renderer': [ '3.5.27' ],
44 silly audit   '@vue/shared': [ '3.5.27' ],
44 silly audit   acorn: [ '8.15.0' ],
44 silly audit   'any-promise': [ '1.3.0' ],
44 silly audit   anymatch: [ '3.1.3' ],
44 silly audit   arg: [ '5.0.2' ],
44 silly audit   'ast-kit': [ '2.2.0' ],
44 silly audit   'ast-walker-scope': [ '0.8.3' ],
44 silly audit   autoprefixer: [ '10.4.24' ],
44 silly audit   'baseline-browser-mapping': [ '2.9.19' ],
44 silly audit   'binary-extensions': [ '2.3.0' ],
44 silly audit   birpc: [ '2.9.0' ],
44 silly audit   braces: [ '3.0.3' ],
44 silly audit   browserslist: [ '4.28.1' ],
44 silly audit   'camelcase-css': [ '2.0.1' ],
44 silly audit   'caniuse-lite': [ '1.0.30001767' ],
44 silly audit   chokidar: [ '3.6.0', '5.0.0' ],
44 silly audit   'glob-parent': [ '5.1.2', '6.0.2' ],
44 silly audit   commander: [ '4.1.1' ],
44 silly audit   confbox: [ '0.2.2', '0.1.8' ],
44 silly audit   'copy-anything': [ '4.0.5' ],
44 silly audit   cssesc: [ '3.0.0' ],
44 silly audit   csstype: [ '3.2.3' ],
44 silly audit   didyoumean: [ '1.2.2' ],
44 silly audit   dlv: [ '1.1.3' ],
44 silly audit   'electron-to-chromium': [ '1.5.286' ],
44 silly audit   entities: [ '7.0.1' ],
44 silly audit   esbuild: [ '0.21.5' ],
44 silly audit   escalade: [ '3.2.0' ],
44 silly audit   'estree-walker': [ '2.0.2' ],
44 silly audit   exsolve: [ '1.0.8' ],
44 silly audit   'fast-glob': [ '3.3.3' ],
44 silly audit   fastq: [ '1.20.1' ],
44 silly audit   'fill-range': [ '7.1.1' ],
44 silly audit   'fraction.js': [ '5.3.4' ],
44 silly audit   fsevents: [ '2.3.3' ],
44 silly audit   'function-bind': [ '1.1.2' ],
44 silly audit   hasown: [ '2.0.2' ],
44 silly audit   hookable: [ '5.5.3' ],
44 silly audit   'is-binary-path': [ '2.1.0' ],
44 silly audit   'is-core-module': [ '2.16.1' ],
44 silly audit   'is-extglob': [ '2.1.1' ],
44 silly audit   'is-glob': [ '4.0.3' ],
44 silly audit   'is-number': [ '7.0.0' ],
44 silly audit   'is-what': [ '5.5.0' ],
44 silly audit   jiti: [ '1.21.7' ],
44 silly audit   jsesc: [ '3.1.0' ],
44 silly audit   json5: [ '2.2.3' ],
44 silly audit   jsrsasign: [ '11.1.0' ],
44 silly audit   lilconfig: [ '3.1.3' ],
44 silly audit   'lines-and-columns': [ '1.2.4' ],
44 silly audit   'local-pkg': [ '1.1.2' ],
44 silly audit   'magic-string': [ '0.30.21' ],
44 silly audit   'magic-string-ast': [ '1.0.3' ],
44 silly audit   marked: [ '17.0.1' ],
44 silly audit   merge2: [ '1.4.1' ],
44 silly audit   micromatch: [ '4.0.8' ],
44 silly audit   mitt: [ '3.0.1' ],
44 silly audit   mlly: [ '1.8.0' ],
44 silly audit   'pkg-types': [ '1.3.1', '2.3.0' ],
44 silly audit   'muggle-string': [ '0.4.1' ],
44 silly audit   mz: [ '2.7.0' ],
44 silly audit   nanoid: [ '3.3.11' ],
44 silly audit   'node-releases': [ '2.0.27' ],
44 silly audit   'normalize-path': [ '3.0.0' ],
44 silly audit   'object-assign': [ '4.1.1' ],
44 silly audit   'object-hash': [ '3.0.0' ],
44 silly audit   'path-parse': [ '1.0.7' ],
44 silly audit   pathe: [ '2.0.3' ],
44 silly audit   'perfect-debounce': [ '2.1.0' ],
44 silly audit   picocolors: [ '1.1.1' ],
44 silly audit   picomatch: [ '2.3.1', '4.0.3' ],
44 silly audit   pify: [ '2.3.0' ],
44 silly audit   pirates: [ '4.0.7' ],
44 silly audit   postcss: [ '8.5.6' ],
44 silly audit   'postcss-import': [ '15.1.0' ],
44 silly audit   'postcss-js': [ '4.1.0' ],
44 silly audit   'postcss-load-config': [ '6.0.1' ],
44 silly audit   'postcss-nested': [ '6.2.0' ],
44 silly audit   'postcss-selector-parser': [ '6.1.2', '6.0.10' ],
44 silly audit   'postcss-value-parser': [ '4.2.0' ],
44 silly audit   quansync: [ '0.2.11' ],
44 silly audit   'queue-microtask': [ '1.2.3' ],
44 silly audit   'read-cache': [ '1.0.0' ],
44 silly audit   readdirp: [ '3.6.0', '5.0.0' ],
44 silly audit   resolve: [ '1.22.11' ],
44 silly audit   reusify: [ '1.1.0' ],
44 silly audit   rfdc: [ '1.4.1' ],
44 silly audit   rollup: [ '4.57.1' ],
44 silly audit   'run-parallel': [ '1.2.0' ],
44 silly audit   scule: [ '1.3.0' ],
44 silly audit   'source-map-js': [ '1.2.1' ],
44 silly audit   speakingurl: [ '14.0.1' ],
44 silly audit   sucrase: [ '3.35.1' ],
44 silly audit   superjson: [ '2.2.6' ],
44 silly audit   'supports-preserve-symlinks-flag': [ '1.0.0' ],
44 silly audit   tailwindcss: [ '3.4.19' ],
44 silly audit   thenify: [ '3.3.1' ],
44 silly audit   'thenify-all': [ '1.6.0' ],
44 silly audit   tinyglobby: [ '0.2.15' ],
44 silly audit   fdir: [ '6.5.0' ],
44 silly audit   'to-regex-range': [ '5.0.1' ],
44 silly audit   'ts-interface-checker': [ '0.1.13' ],
44 silly audit   ufo: [ '1.6.3' ],
44 silly audit   unplugin: [ '3.0.0' ],
44 silly audit   'unplugin-utils': [ '0.3.1' ],
44 silly audit   'update-browserslist-db': [ '1.2.3' ],
44 silly audit   'util-deprecate': [ '1.0.2' ],
44 silly audit   vite: [ '5.4.21' ],
44 silly audit   vue: [ '3.5.27' ],
44 silly audit   'vue-router': [ '5.0.2' ],
44 silly audit   'vue-sonner': [ '2.0.9' ],
44 silly audit   'webpack-virtual-modules': [ '0.6.2' ],
44 silly audit   yaml: [ '2.8.2' ],
44 silly audit   '@tailwindcss/typography': [ '0.5.19' ],
44 silly audit   'lucide-vue-next': [ '0.563.0' ]
44 silly audit }
45 http cache lucide-vue-next@https://registry.npmjs.org/lucide-vue-next/-/lucide-vue-next-0.563.0.tgz 0ms (cache hit)
46 http cache @tailwindcss/typography@https://registry.npmjs.org/@tailwindcss/typography/-/typography-0.5.19.tgz 0ms (cache hit)
47 http cache postcss-selector-parser@https://registry.npmjs.org/postcss-selector-parser/-/postcss-selector-parser-6.0.10.tgz 0ms (cache hit)
48 silly tarball no local data for lucide-vue-next@https://registry.npmjs.org/lucide-vue-next/-/lucide-vue-next-0.563.0.tgz. Extracting by manifest.
49 silly tarball no local data for @tailwindcss/typography@https://registry.npmjs.org/@tailwindcss/typography/-/typography-0.5.19.tgz. Extracting by manifest.
50 silly tarball no local data for postcss-selector-parser@https://registry.npmjs.org/postcss-selector-parser/-/postcss-selector-parser-6.0.10.tgz. Extracting by manifest.
51 http fetch POST 200 https://registry.npmjs.org/-/npm/v1/security/advisories/bulk 268ms
52 silly audit report {
52 silly audit report   esbuild: [
52 silly audit report     {
52 silly audit report       id: 1102341,
52 silly audit report       url: 'https://github.com/advisories/GHSA-67mh-4wv8-2f99',
52 silly audit report       title: 'esbuild enables any website to send any requests to the development server and read the response',
52 silly audit report       severity: 'moderate',
52 silly audit report       vulnerable_versions: '<=0.24.2',
52 silly audit report       cwe: [Array],
52 silly audit report       cvss: [Object]
52 silly audit report     }
52 silly audit report   ]
52 silly audit report }
53 silly packumentCache corgi:https://registry.npmjs.org/esbuild cache-miss
54 http fetch GET 200 https://registry.npmjs.org/esbuild 222ms (cache revalidated)
55 silly packumentCache corgi:https://registry.npmjs.org/esbuild set size:877737 disposed:false
56 silly packumentCache corgi:https://registry.npmjs.org/vite cache-miss
57 http fetch GET 200 https://registry.npmjs.org/vite 232ms (cache revalidated)
58 silly packumentCache corgi:https://registry.npmjs.org/vite set size:2181475 disposed:false
59 silly packumentCache corgi:https://registry.npmjs.org/@vitejs%2fplugin-vue cache-miss
60 http fetch GET 200 https://registry.npmjs.org/@tailwindcss/typography/-/typography-0.5.19.tgz 778ms (cache miss)
61 http fetch GET 200 https://registry.npmjs.org/postcss-selector-parser/-/postcss-selector-parser-6.0.10.tgz 897ms (cache miss)
62 http fetch GET 200 https://registry.npmjs.org/@vitejs%2fplugin-vue 250ms (cache revalidated)
63 silly packumentCache corgi:https://registry.npmjs.org/@vitejs%2fplugin-vue set size:170535 disposed:false
64 http fetch GET 200 https://registry.npmjs.org/lucide-vue-next/-/lucide-vue-next-0.563.0.tgz 4204ms (cache miss)
65 silly ADD node_modules/lucide-vue-next
66 silly ADD node_modules/@tailwindcss/typography
67 silly ADD node_modules/@tailwindcss/typography/node_modules/postcss-selector-parser
68 verbose cwd C:\Users\Administrator\Desktop\blog\2025-blog-public
69 verbose os Windows_NT 10.0.26200
70 verbose node v24.10.0
71 verbose npm  v11.6.2
72 verbose exit 0
73 info ok
