0 verbose cli C:\Program Files\nodejs\node.exe C:\Program Files\nodejs\node_global\node_modules\npm\bin\npm-cli.js
1 info using npm@11.6.2
2 info using node@v24.10.0
3 silly config load:file:C:\Program Files\nodejs\node_global\node_modules\npm\npmrc
4 silly config load:file:C:\Users\Administrator\.npmrc
5 silly config load:file:C:\Program Files\nodejs\node_global\etc\npmrc
6 verbose title npm install uipro-cli
7 verbose argv "install" "--global" "uipro-cli"
8 verbose logfile logs-max:10 dir:C:\Users\Administrator\Desktop\blog\2025-blog-public\.npm-cache\_logs\2026-02-05T14_37_41_880Z-
9 verbose logfile C:\Users\Administrator\Desktop\blog\2025-blog-public\.npm-cache\_logs\2026-02-05T14_37_41_880Z-debug-0.log
10 silly packumentCache heap:4496293888 maxSize:1124073472 maxEntrySize:562036736
11 silly logfile start cleaning logs, removing 1 files
12 silly logfile done cleaning log files
13 silly idealTree buildDeps
14 silly fetch manifest uipro-cli@*
15 silly packumentCache full:https://registry.npmjs.org/uipro-cli cache-miss
16 http fetch GET 200 https://registry.npmjs.org/uipro-cli 1174ms (cache miss)
17 silly packumentCache full:https://registry.npmjs.org/uipro-cli set size:undefined disposed:false
18 silly placeDep ROOT uipro-cli@2.2.3 OK for:  want: *
19 silly fetch manifest commander@^12.1.0
20 silly packumentCache full:https://registry.npmjs.org/commander cache-miss
21 silly fetch manifest chalk@^5.3.0
22 silly packumentCache full:https://registry.npmjs.org/chalk cache-miss
23 silly fetch manifest ora@^8.1.1
24 silly packumentCache full:https://registry.npmjs.org/ora cache-miss
25 silly fetch manifest prompts@^2.4.2
26 silly packumentCache full:https://registry.npmjs.org/prompts cache-miss
27 http fetch GET 200 https://registry.npmjs.org/chalk 297ms (cache miss)
28 silly packumentCache full:https://registry.npmjs.org/chalk set size:undefined disposed:false
29 http fetch GET 200 https://registry.npmjs.org/prompts 1014ms (cache miss)
30 silly packumentCache full:https://registry.npmjs.org/prompts set size:undefined disposed:false
31 http fetch GET 200 https://registry.npmjs.org/ora 1638ms (cache miss)
32 silly packumentCache full:https://registry.npmjs.org/ora set size:undefined disposed:false
33 http fetch GET 200 https://registry.npmjs.org/commander 2045ms (cache revalidated)
34 silly packumentCache full:https://registry.npmjs.org/commander set size:348500 disposed:false
35 silly placeDep node_modules/uipro-cli chalk@5.6.2 OK for: uipro-cli@2.2.3 want: ^5.3.0
36 silly placeDep node_modules/uipro-cli commander@12.1.0 OK for: uipro-cli@2.2.3 want: ^12.1.0
37 silly placeDep node_modules/uipro-cli ora@8.2.0 OK for: uipro-cli@2.2.3 want: ^8.1.1
38 silly placeDep node_modules/uipro-cli prompts@2.4.2 OK for: uipro-cli@2.2.3 want: ^2.4.2
39 silly fetch manifest cli-cursor@^5.0.0
40 silly packumentCache full:https://registry.npmjs.org/cli-cursor cache-miss
41 silly fetch manifest strip-ansi@^7.1.0
42 silly packumentCache full:https://registry.npmjs.org/strip-ansi cache-miss
43 silly fetch manifest log-symbols@^6.0.0
44 silly packumentCache full:https://registry.npmjs.org/log-symbols cache-miss
45 silly fetch manifest cli-spinners@^2.9.2
46 silly packumentCache full:https://registry.npmjs.org/cli-spinners cache-miss
47 silly fetch manifest string-width@^7.2.0
48 silly packumentCache full:https://registry.npmjs.org/string-width cache-miss
49 silly fetch manifest is-interactive@^2.0.0
50 silly packumentCache full:https://registry.npmjs.org/is-interactive cache-miss
51 silly fetch manifest stdin-discarder@^0.2.2
52 silly packumentCache full:https://registry.npmjs.org/stdin-discarder cache-miss
53 silly fetch manifest is-unicode-supported@^2.0.0
54 silly packumentCache full:https://registry.npmjs.org/is-unicode-supported cache-miss
55 silly fetch manifest kleur@^3.0.3
56 silly packumentCache full:https://registry.npmjs.org/kleur cache-miss
57 silly fetch manifest sisteransi@^1.0.5
58 silly packumentCache full:https://registry.npmjs.org/sisteransi cache-miss
59 http fetch GET 200 https://registry.npmjs.org/cli-cursor 333ms (cache miss)
60 silly packumentCache full:https://registry.npmjs.org/cli-cursor set size:undefined disposed:false
61 http fetch GET 200 https://registry.npmjs.org/cli-spinners 333ms (cache miss)
62 silly packumentCache full:https://registry.npmjs.org/cli-spinners set size:undefined disposed:false
63 http fetch GET 200 https://registry.npmjs.org/log-symbols 499ms (cache miss)
64 silly packumentCache full:https://registry.npmjs.org/log-symbols set size:undefined disposed:false
65 http fetch GET 200 https://registry.npmjs.org/strip-ansi 517ms (cache miss)
66 silly packumentCache full:https://registry.npmjs.org/strip-ansi set size:undefined disposed:false
67 http fetch GET 200 https://registry.npmjs.org/is-interactive 851ms (cache miss)
68 silly packumentCache full:https://registry.npmjs.org/is-interactive set size:undefined disposed:false
69 http fetch GET 200 https://registry.npmjs.org/kleur 933ms (cache miss)
70 silly packumentCache full:https://registry.npmjs.org/kleur set size:undefined disposed:false
71 http fetch GET 200 https://registry.npmjs.org/stdin-discarder 954ms (cache miss)
72 silly packumentCache full:https://registry.npmjs.org/stdin-discarder set size:undefined disposed:false
73 http fetch GET 200 https://registry.npmjs.org/sisteransi 1117ms (cache miss)
74 silly packumentCache full:https://registry.npmjs.org/sisteransi set size:undefined disposed:false
75 http fetch GET 200 https://registry.npmjs.org/is-unicode-supported 1277ms (cache miss)
76 silly packumentCache full:https://registry.npmjs.org/is-unicode-supported set size:undefined disposed:false
77 http fetch GET 200 https://registry.npmjs.org/string-width 2046ms (cache miss)
78 silly packumentCache full:https://registry.npmjs.org/string-width set size:undefined disposed:false
79 silly placeDep node_modules/uipro-cli cli-cursor@5.0.0 OK for: ora@8.2.0 want: ^5.0.0
80 silly placeDep node_modules/uipro-cli cli-spinners@2.9.2 OK for: ora@8.2.0 want: ^2.9.2
81 silly placeDep node_modules/uipro-cli is-interactive@2.0.0 OK for: ora@8.2.0 want: ^2.0.0
82 silly placeDep node_modules/uipro-cli is-unicode-supported@2.1.0 OK for: ora@8.2.0 want: ^2.0.0
83 silly placeDep node_modules/uipro-cli log-symbols@6.0.0 OK for: ora@8.2.0 want: ^6.0.0
84 silly placeDep node_modules/uipro-cli stdin-discarder@0.2.2 OK for: ora@8.2.0 want: ^0.2.2
85 silly placeDep node_modules/uipro-cli string-width@7.2.0 OK for: ora@8.2.0 want: ^7.2.0
86 silly placeDep node_modules/uipro-cli strip-ansi@7.1.2 OK for: ora@8.2.0 want: ^7.1.0
87 silly fetch manifest restore-cursor@^5.0.0
88 silly packumentCache full:https://registry.npmjs.org/restore-cursor cache-miss
89 silly fetch manifest is-unicode-supported@^1.3.0
90 silly packumentCache full:https://registry.npmjs.org/is-unicode-supported cache-miss
91 silly fetch manifest emoji-regex@^10.3.0
92 silly packumentCache full:https://registry.npmjs.org/emoji-regex cache-miss
93 silly fetch manifest get-east-asian-width@^1.0.0
94 silly packumentCache full:https://registry.npmjs.org/get-east-asian-width cache-miss
95 silly fetch manifest ansi-regex@^6.0.1
96 silly packumentCache full:https://registry.npmjs.org/ansi-regex cache-miss
97 http cache https://registry.npmjs.org/is-unicode-supported 7ms (cache hit)
98 silly packumentCache full:https://registry.npmjs.org/is-unicode-supported set size:19461 disposed:false
99 http fetch GET 200 https://registry.npmjs.org/ansi-regex 254ms (cache miss)
100 silly packumentCache full:https://registry.npmjs.org/ansi-regex set size:undefined disposed:false
101 http fetch GET 200 https://registry.npmjs.org/get-east-asian-width 271ms (cache miss)
102 silly packumentCache full:https://registry.npmjs.org/get-east-asian-width set size:undefined disposed:false
103 http fetch GET 200 https://registry.npmjs.org/emoji-regex 277ms (cache miss)
104 silly packumentCache full:https://registry.npmjs.org/emoji-regex set size:undefined disposed:false
105 http fetch GET 200 https://registry.npmjs.org/restore-cursor 324ms (cache miss)
106 silly packumentCache full:https://registry.npmjs.org/restore-cursor set size:undefined disposed:false
107 silly placeDep node_modules/uipro-cli restore-cursor@5.1.0 OK for: cli-cursor@5.0.0 want: ^5.0.0
108 silly fetch manifest onetime@^7.0.0
109 silly packumentCache full:https://registry.npmjs.org/onetime cache-miss
110 silly fetch manifest signal-exit@^4.1.0
111 silly packumentCache full:https://registry.npmjs.org/signal-exit cache-miss
112 http fetch GET 200 https://registry.npmjs.org/onetime 272ms (cache miss)
113 silly packumentCache full:https://registry.npmjs.org/onetime set size:undefined disposed:false
114 http fetch GET 200 https://registry.npmjs.org/signal-exit 275ms (cache miss)
115 silly packumentCache full:https://registry.npmjs.org/signal-exit set size:undefined disposed:false
116 silly placeDep node_modules/uipro-cli/node_modules/log-symbols is-unicode-supported@1.3.0 OK for: log-symbols@6.0.0 want: ^1.3.0
117 silly placeDep node_modules/uipro-cli kleur@3.0.3 OK for: prompts@2.4.2 want: ^3.0.3
118 silly placeDep node_modules/uipro-cli sisteransi@1.0.5 OK for: prompts@2.4.2 want: ^1.0.5
119 silly placeDep node_modules/uipro-cli onetime@7.0.0 OK for: restore-cursor@5.1.0 want: ^7.0.0
120 silly placeDep node_modules/uipro-cli signal-exit@4.1.0 OK for: restore-cursor@5.1.0 want: ^4.1.0
121 silly fetch manifest mimic-function@^5.0.0
122 silly packumentCache full:https://registry.npmjs.org/mimic-function cache-miss
123 http fetch GET 200 https://registry.npmjs.org/mimic-function 286ms (cache miss)
124 silly packumentCache full:https://registry.npmjs.org/mimic-function set size:undefined disposed:false
125 silly placeDep node_modules/uipro-cli mimic-function@5.0.1 OK for: onetime@7.0.0 want: ^5.0.0
126 silly placeDep node_modules/uipro-cli emoji-regex@10.6.0 OK for: string-width@7.2.0 want: ^10.3.0
127 silly placeDep node_modules/uipro-cli get-east-asian-width@1.4.0 OK for: string-width@7.2.0 want: ^1.0.0
128 silly placeDep node_modules/uipro-cli ansi-regex@6.2.2 OK for: strip-ansi@7.1.2 want: ^6.0.1
129 silly reify moves {}
130 verbose stack Error: EPERM: operation not permitted, mkdir 'C:\Program Files\nodejs\node_global\node_modules\uipro-cli'
130 verbose stack     at async mkdir (node:internal/fs/promises:861:10)
130 verbose stack     at async C:\Program Files\nodejs\node_global\node_modules\npm\node_modules\@npmcli\arborist\lib\arborist\reify.js:576:20
130 verbose stack     at async Promise.allSettled (index 0)
130 verbose stack     at async [reifyPackages] (C:\Program Files\nodejs\node_global\node_modules\npm\node_modules\@npmcli\arborist\lib\arborist\reify.js:313:11)
130 verbose stack     at async Arborist.reify (C:\Program Files\nodejs\node_global\node_modules\npm\node_modules\@npmcli\arborist\lib\arborist\reify.js:125:5)
130 verbose stack     at async Install.exec (C:\Program Files\nodejs\node_global\node_modules\npm\lib\commands\install.js:150:5)
130 verbose stack     at async Npm.exec (C:\Program Files\nodejs\node_global\node_modules\npm\lib\npm.js:208:9)
130 verbose stack     at async module.exports (C:\Program Files\nodejs\node_global\node_modules\npm\lib\cli\entry.js:67:5)
131 error code EPERM
132 error syscall mkdir
133 error path C:\Program Files\nodejs\node_global\node_modules\uipro-cli
134 error errno -4048
135 error Error: EPERM: operation not permitted, mkdir 'C:\Program Files\nodejs\node_global\node_modules\uipro-cli'
135 error     at async mkdir (node:internal/fs/promises:861:10)
135 error     at async C:\Program Files\nodejs\node_global\node_modules\npm\node_modules\@npmcli\arborist\lib\arborist\reify.js:576:20
135 error     at async Promise.allSettled (index 0)
135 error     at async [reifyPackages] (C:\Program Files\nodejs\node_global\node_modules\npm\node_modules\@npmcli\arborist\lib\arborist\reify.js:313:11)
135 error     at async Arborist.reify (C:\Program Files\nodejs\node_global\node_modules\npm\node_modules\@npmcli\arborist\lib\arborist\reify.js:125:5)
135 error     at async Install.exec (C:\Program Files\nodejs\node_global\node_modules\npm\lib\commands\install.js:150:5)
135 error     at async Npm.exec (C:\Program Files\nodejs\node_global\node_modules\npm\lib\npm.js:208:9)
135 error     at async module.exports (C:\Program Files\nodejs\node_global\node_modules\npm\lib\cli\entry.js:67:5) {
135 error   errno: -4048,
135 error   code: 'EPERM',
135 error   syscall: 'mkdir',
135 error   path: 'C:\\Program Files\\nodejs\\node_global\\node_modules\\uipro-cli'
135 error }
136 error
136 error The operation was rejected by your operating system.
136 error It's possible that the file was already in use (by a text editor or antivirus),
136 error or that you lack permissions to access it.
136 error
136 error If you believe this might be a permissions issue, please double-check the
136 error permissions of the file and its containing directories, or try running
136 error the command again as root/Administrator.
137 silly unfinished npm timer reify 1770302262109
138 silly unfinished npm timer reify:createSparse 1770302268300
139 verbose cwd C:\Users\Administrator\Desktop\blog\2025-blog-public
140 verbose os Windows_NT 10.0.26200
141 verbose node v24.10.0
142 verbose npm  v11.6.2
143 verbose exit -4048
144 verbose code -4048
145 error A complete log of this run can be found in: C:\Users\Administrator\Desktop\blog\2025-blog-public\.npm-cache\_logs\2026-02-05T14_37_41_880Z-debug-0.log
