0 verbose cli C:\Program Files\nodejs\node.exe C:\Program Files\nodejs\node_global\node_modules\npm\bin\npm-cli.js
1 info using npm@11.6.2
2 info using node@v24.10.0
3 silly config load:file:C:\Program Files\nodejs\node_global\node_modules\npm\npmrc
4 silly config load:file:C:\Users\Administrator\Desktop\blog\2025-blog-public\.npmrc
5 warn Unknown project config "enable-pre-post-scripts". This will stop working in the next major version of npm.
6 silly config load:file:C:\Users\Administrator\.npmrc
7 silly config load:file:C:\Program Files\nodejs\node_global\etc\npmrc
8 verbose title npm install
9 verbose argv "install"
10 verbose logfile logs-max:10 dir:C:\Users\Administrator\Desktop\blog\2025-blog-public\.npm-cache\_logs\2026-02-05T04_27_50_258Z-
11 verbose logfile C:\Users\Administrator\Desktop\blog\2025-blog-public\.npm-cache\_logs\2026-02-05T04_27_50_258Z-debug-0.log
12 silly logfile done cleaning log files
13 silly packumentCache heap:4496293888 maxSize:1124073472 maxEntrySize:562036736
14 silly idealTree buildDeps
15 silly fetch manifest @opennextjs/cloudflare@^1.14.4
16 silly packumentCache full:https://registry.npmjs.org/@opennextjs%2fcloudflare cache-miss
17 http fetch GET 200 https://registry.npmjs.org/@opennextjs%2fcloudflare 799ms (cache miss)
18 silly packumentCache full:https://registry.npmjs.org/@opennextjs%2fcloudflare set size:undefined disposed:false
19 silly fetch manifest next@16.0.10
20 silly packumentCache full:https://registry.npmjs.org/next cache-miss
21 http fetch GET 200 https://registry.npmjs.org/next 1019ms (cache miss)
22 silly packumentCache full:https://registry.npmjs.org/next set size:undefined disposed:false
23 silly fetch manifest next@~15.0.8 || ~15.1.12 || ~15.2.9 || ~15.3.9 || ~15.4.11 || ~15.5.10 || ~16.0.11 || ^16.1.5
24 silly packumentCache full:https://registry.npmjs.org/next cache-miss
25 http cache https://registry.npmjs.org/next 57ms (cache hit)
26 silly packumentCache full:https://registry.npmjs.org/next set size:28942901 disposed:false
27 silly fetch manifest @opentelemetry/api@^1.1.0
28 silly packumentCache full:https://registry.npmjs.org/@opentelemetry%2fapi cache-miss
29 http fetch GET 200 https://registry.npmjs.org/@opentelemetry%2fapi 215ms (cache miss)
30 silly packumentCache full:https://registry.npmjs.org/@opentelemetry%2fapi set size:undefined disposed:false
31 silly fetch manifest @playwright/test@^1.51.1
32 silly packumentCache full:https://registry.npmjs.org/@playwright%2ftest cache-miss
33 http fetch GET 200 https://registry.npmjs.org/@playwright%2ftest 280ms (cache miss)
34 silly packumentCache full:https://registry.npmjs.org/@playwright%2ftest set size:undefined disposed:false
35 silly fetch manifest babel-plugin-react-compiler@1.0.0
36 silly packumentCache full:https://registry.npmjs.org/babel-plugin-react-compiler cache-miss
37 http fetch GET 200 https://registry.npmjs.org/babel-plugin-react-compiler 183ms (cache miss)
38 silly packumentCache full:https://registry.npmjs.org/babel-plugin-react-compiler set size:undefined disposed:false
39 silly fetch manifest react@19.2.1
40 silly packumentCache full:https://registry.npmjs.org/react cache-miss
41 http fetch GET 200 https://registry.npmjs.org/react 257ms (cache miss)
42 silly packumentCache full:https://registry.npmjs.org/react set size:undefined disposed:false
43 silly fetch manifest react-dom@19.2.0
44 silly packumentCache full:https://registry.npmjs.org/react-dom cache-miss
45 http fetch GET 200 https://registry.npmjs.org/react-dom 257ms (cache miss)
46 silly packumentCache full:https://registry.npmjs.org/react-dom set size:undefined disposed:false
47 silly fetch manifest sass@^1.3.0
48 silly packumentCache full:https://registry.npmjs.org/sass cache-miss
49 http fetch GET 200 https://registry.npmjs.org/sass 198ms (cache miss)
50 silly packumentCache full:https://registry.npmjs.org/sass set size:undefined disposed:false
51 verbose stack Error: unable to resolve dependency tree
51 verbose stack     at #failPeerConflict (C:\Program Files\nodejs\node_global\node_modules\npm\node_modules\@npmcli\arborist\lib\arborist\build-ideal-tree.js:1420:25)
51 verbose stack     at #loadPeerSet (C:\Program Files\nodejs\node_global\node_modules\npm\node_modules\@npmcli\arborist\lib\arborist\build-ideal-tree.js:1386:33)
51 verbose stack     at async #buildDepStep (C:\Program Files\nodejs\node_global\node_modules\npm\node_modules\@npmcli\arborist\lib\arborist\build-ideal-tree.js:929:11)
51 verbose stack     at async Arborist.buildIdealTree (C:\Program Files\nodejs\node_global\node_modules\npm\node_modules\@npmcli\arborist\lib\arborist\build-ideal-tree.js:182:7)
51 verbose stack     at async Promise.all (index 1)
51 verbose stack     at async Arborist.reify (C:\Program Files\nodejs\node_global\node_modules\npm\node_modules\@npmcli\arborist\lib\arborist\reify.js:114:5)
51 verbose stack     at async Install.exec (C:\Program Files\nodejs\node_global\node_modules\npm\lib\commands\install.js:150:5)
51 verbose stack     at async Npm.exec (C:\Program Files\nodejs\node_global\node_modules\npm\lib\npm.js:208:9)
51 verbose stack     at async module.exports (C:\Program Files\nodejs\node_global\node_modules\npm\lib\cli\entry.js:67:5)
52 error code ERESOLVE
53 error ERESOLVE unable to resolve dependency tree
54 error
55 error While resolving: 2025-blog@0.1.0
55 error Found: next@16.0.10[2m[22m
55 error [2mnode_modules/next[22m
55 error   next@"16.0.10" from the root project
55 error
55 error Could not resolve dependency:
55 error [95mpeer[39m next@"~15.0.8 || ~15.1.12 || ~15.2.9 || ~15.3.9 || ~15.4.11 || ~15.5.10 || ~16.0.11 || ^16.1.5" from @opennextjs/cloudflare@1.16.2[2m[22m
55 error [2mnode_modules/@opennextjs/cloudflare[22m
55 error   @opennextjs/cloudflare@"^1.14.4" from the root project
55 error
55 error Fix the upstream dependency conflict, or retry
55 error this command with --force or --legacy-peer-deps
55 error to accept an incorrect (and potentially broken) dependency resolution.
56 error
56 error
56 error For a full report see:
56 error C:\Users\Administrator\Desktop\blog\2025-blog-public\.npm-cache\_logs\2026-02-05T04_27_50_258Z-eresolve-report.txt
57 silly unfinished npm timer reify 1770265670493
58 silly unfinished npm timer reify:loadTrees 1770265670494
59 silly unfinished npm timer idealTree:buildDeps 1770265670502
60 silly unfinished npm timer idealTree:#root 1770265670502
61 verbose cwd C:\Users\Administrator\Desktop\blog\2025-blog-public
62 verbose os Windows_NT 10.0.26200
63 verbose node v24.10.0
64 verbose npm  v11.6.2
65 verbose exit 1
66 verbose code 1
67 error A complete log of this run can be found in: C:\Users\Administrator\Desktop\blog\2025-blog-public\.npm-cache\_logs\2026-02-05T04_27_50_258Z-debug-0.log
