0 verbose cli C:\Program Files\nodejs\node.exe C:\Program Files\nodejs\node_global\node_modules\npm\bin\npm-cli.js
1 info using npm@11.6.2
2 info using node@v24.10.0
3 silly config load:file:C:\Program Files\nodejs\node_global\node_modules\npm\npmrc
4 silly config load:file:C:\Users\Administrator\Desktop\blog\2025-blog-public\.npmrc
5 warn Unknown project config "enable-pre-post-scripts". This will stop working in the next major version of npm.
6 silly config load:file:C:\Users\Administrator\.npmrc
7 silly config load:file:C:\Program Files\nodejs\node_global\etc\npmrc
8 verbose title npm install @vueuse/core
9 verbose argv "install" "@vueuse/core"
10 verbose logfile logs-max:10 dir:C:\Users\Administrator\Desktop\blog\2025-blog-public\.npm-cache\_logs\2026-02-09T12_57_05_974Z-
11 verbose logfile C:\Users\Administrator\Desktop\blog\2025-blog-public\.npm-cache\_logs\2026-02-09T12_57_05_974Z-debug-0.log
12 silly logfile start cleaning logs, removing 1 files
13 silly packumentCache heap:4496293888 maxSize:1124073472 maxEntrySize:562036736
14 silly logfile done cleaning log files
15 silly idealTree buildDeps
16 silly fetch manifest @vueuse/core@*
17 silly packumentCache full:https://registry.npmjs.org/@vueuse%2fcore cache-miss
18 http fetch GET 200 https://registry.npmjs.org/@vueuse%2fcore 1869ms (cache miss)
19 silly packumentCache full:https://registry.npmjs.org/@vueuse%2fcore set size:undefined disposed:false
20 silly fetch manifest vue@^3.4.0
21 silly packumentCache full:https://registry.npmjs.org/vue cache-miss
22 http fetch GET 200 https://registry.npmjs.org/vue 673ms (cache updated)
23 silly packumentCache full:https://registry.npmjs.org/vue set size:undefined disposed:false
24 silly fetch manifest typescript@*
25 silly packumentCache full:https://registry.npmjs.org/typescript cache-miss
26 http fetch GET 200 https://registry.npmjs.org/typescript 927ms (cache updated)
27 silly packumentCache full:https://registry.npmjs.org/typescript set size:undefined disposed:false
28 silly placeDep ROOT @vueuse/core@14.2.0 OK for: 2025-blog-vue@0.0.0 want: *
29 silly fetch manifest @types/web-bluetooth@^0.0.21
30 silly packumentCache full:https://registry.npmjs.org/@types%2fweb-bluetooth cache-miss
31 silly fetch manifest @vueuse/metadata@14.2.0
32 silly packumentCache full:https://registry.npmjs.org/@vueuse%2fmetadata cache-miss
33 silly fetch manifest @vueuse/shared@14.2.0
34 silly packumentCache full:https://registry.npmjs.org/@vueuse%2fshared cache-miss
35 http fetch GET 200 https://registry.npmjs.org/@types%2fweb-bluetooth 297ms (cache miss)
36 silly packumentCache full:https://registry.npmjs.org/@types%2fweb-bluetooth set size:undefined disposed:false
37 http fetch GET 200 https://registry.npmjs.org/@vueuse%2fmetadata 1191ms (cache miss)
38 silly packumentCache full:https://registry.npmjs.org/@vueuse%2fmetadata set size:undefined disposed:false
39 http fetch GET 200 https://registry.npmjs.org/@vueuse%2fshared 2265ms (cache miss)
40 silly packumentCache full:https://registry.npmjs.org/@vueuse%2fshared set size:undefined disposed:false
41 silly fetch manifest vue@^3.5.0
42 silly packumentCache full:https://registry.npmjs.org/vue cache-miss
43 http cache https://registry.npmjs.org/vue 10ms (cache hit)
44 silly packumentCache full:https://registry.npmjs.org/vue set size:1994634 disposed:false
45 silly placeDep ROOT @types/web-bluetooth@0.0.21 OK for: @vueuse/core@14.2.0 want: ^0.0.21
46 silly placeDep ROOT @vueuse/metadata@14.2.0 OK for: @vueuse/core@14.2.0 want: 14.2.0
47 silly placeDep ROOT @vueuse/shared@14.2.0 OK for: @vueuse/core@14.2.0 want: 14.2.0
48 silly reify moves {}
49 silly audit bulk request {
49 silly audit   '@alloc/quick-lru': [ '5.2.0' ],
49 silly audit   '@babel/generator': [ '7.29.1' ],
49 silly audit   '@babel/helper-string-parser': [ '7.27.1' ],
49 silly audit   '@babel/helper-validator-identifier': [ '7.28.5' ],
49 silly audit   '@babel/parser': [ '7.29.0' ],
49 silly audit   '@babel/types': [ '7.29.0' ],
49 silly audit   '@emmetio/abbreviation': [ '2.3.3' ],
49 silly audit   '@emmetio/css-abbreviation': [ '2.1.8' ],
49 silly audit   '@emmetio/scanner': [ '1.0.4' ],
49 silly audit   '@esbuild/aix-ppc64': [ '0.21.5' ],
49 silly audit   '@esbuild/android-arm': [ '0.21.5' ],
49 silly audit   '@esbuild/android-arm64': [ '0.21.5' ],
49 silly audit   '@esbuild/android-x64': [ '0.21.5' ],
49 silly audit   '@esbuild/darwin-arm64': [ '0.21.5' ],
49 silly audit   '@esbuild/darwin-x64': [ '0.21.5' ],
49 silly audit   '@esbuild/freebsd-arm64': [ '0.21.5' ],
49 silly audit   '@esbuild/freebsd-x64': [ '0.21.5' ],
49 silly audit   '@esbuild/linux-arm': [ '0.21.5' ],
49 silly audit   '@esbuild/linux-arm64': [ '0.21.5' ],
49 silly audit   '@esbuild/linux-ia32': [ '0.21.5' ],
49 silly audit   '@esbuild/linux-loong64': [ '0.21.5' ],
49 silly audit   '@esbuild/linux-mips64el': [ '0.21.5' ],
49 silly audit   '@esbuild/linux-ppc64': [ '0.21.5' ],
49 silly audit   '@esbuild/linux-riscv64': [ '0.21.5' ],
49 silly audit   '@esbuild/linux-s390x': [ '0.21.5' ],
49 silly audit   '@esbuild/linux-x64': [ '0.21.5' ],
49 silly audit   '@esbuild/netbsd-x64': [ '0.21.5' ],
49 silly audit   '@esbuild/openbsd-x64': [ '0.21.5' ],
49 silly audit   '@esbuild/sunos-x64': [ '0.21.5' ],
49 silly audit   '@esbuild/win32-arm64': [ '0.21.5' ],
49 silly audit   '@esbuild/win32-ia32': [ '0.21.5' ],
49 silly audit   '@esbuild/win32-x64': [ '0.21.5' ],
49 silly audit   '@jridgewell/gen-mapping': [ '0.3.13' ],
49 silly audit   '@jridgewell/remapping': [ '2.3.5' ],
49 silly audit   '@jridgewell/resolve-uri': [ '3.1.2' ],
49 silly audit   '@jridgewell/sourcemap-codec': [ '1.5.5' ],
49 silly audit   '@jridgewell/trace-mapping': [ '0.3.31' ],
49 silly audit   '@nodelib/fs.scandir': [ '2.1.5' ],
49 silly audit   '@nodelib/fs.stat': [ '2.0.5' ],
49 silly audit   '@nodelib/fs.walk': [ '1.2.8' ],
49 silly audit   '@rollup/rollup-android-arm-eabi': [ '4.57.1' ],
49 silly audit   '@rollup/rollup-android-arm64': [ '4.57.1' ],
49 silly audit   '@rollup/rollup-darwin-arm64': [ '4.57.1' ],
49 silly audit   '@rollup/rollup-darwin-x64': [ '4.57.1' ],
49 silly audit   '@rollup/rollup-freebsd-arm64': [ '4.57.1' ],
49 silly audit   '@rollup/rollup-freebsd-x64': [ '4.57.1' ],
49 silly audit   '@rollup/rollup-linux-arm-gnueabihf': [ '4.57.1' ],
49 silly audit   '@rollup/rollup-linux-arm-musleabihf': [ '4.57.1' ],
49 silly audit   '@rollup/rollup-linux-arm64-gnu': [ '4.57.1' ],
49 silly audit   '@rollup/rollup-linux-arm64-musl': [ '4.57.1' ],
49 silly audit   '@rollup/rollup-linux-loong64-gnu': [ '4.57.1' ],
49 silly audit   '@rollup/rollup-linux-loong64-musl': [ '4.57.1' ],
49 silly audit   '@rollup/rollup-linux-ppc64-gnu': [ '4.57.1' ],
49 silly audit   '@rollup/rollup-linux-ppc64-musl': [ '4.57.1' ],
49 silly audit   '@rollup/rollup-linux-riscv64-gnu': [ '4.57.1' ],
49 silly audit   '@rollup/rollup-linux-riscv64-musl': [ '4.57.1' ],
49 silly audit   '@rollup/rollup-linux-s390x-gnu': [ '4.57.1' ],
49 silly audit   '@rollup/rollup-linux-x64-gnu': [ '4.57.1' ],
49 silly audit   '@rollup/rollup-linux-x64-musl': [ '4.57.1' ],
49 silly audit   '@rollup/rollup-openbsd-x64': [ '4.57.1' ],
49 silly audit   '@rollup/rollup-openharmony-arm64': [ '4.57.1' ],
49 silly audit   '@rollup/rollup-win32-arm64-msvc': [ '4.57.1' ],
49 silly audit   '@rollup/rollup-win32-ia32-msvc': [ '4.57.1' ],
49 silly audit   '@rollup/rollup-win32-x64-gnu': [ '4.57.1' ],
49 silly audit   '@rollup/rollup-win32-x64-msvc': [ '4.57.1' ],
49 silly audit   '@tailwindcss/typography': [ '0.5.19' ],
49 silly audit   'postcss-selector-parser': [ '6.0.10', '6.1.2' ],
49 silly audit   '@types/estree': [ '1.0.8' ],
49 silly audit   '@types/trusted-types': [ '2.0.7' ],
49 silly audit   '@vitejs/plugin-vue': [ '5.2.4' ],
49 silly audit   '@vue-macros/common': [ '3.1.2' ],
49 silly audit   '@vue/compiler-core': [ '3.5.27' ],
49 silly audit   '@vue/compiler-dom': [ '3.5.27' ],
49 silly audit   '@vue/compiler-sfc': [ '3.5.27' ],
49 silly audit   '@vue/compiler-ssr': [ '3.5.27' ],
49 silly audit   '@vue/devtools-api': [ '8.0.6' ],
49 silly audit   '@vue/devtools-kit': [ '8.0.6' ],
49 silly audit   '@vue/devtools-shared': [ '8.0.6' ],
49 silly audit   '@vue/reactivity': [ '3.5.27' ],
49 silly audit   '@vue/runtime-core': [ '3.5.27' ],
49 silly audit   '@vue/runtime-dom': [ '3.5.27' ],
49 silly audit   '@vue/server-renderer': [ '3.5.27' ],
49 silly audit   '@vue/shared': [ '3.5.27' ],
49 silly audit   acorn: [ '8.15.0' ],
49 silly audit   'any-promise': [ '1.3.0' ],
49 silly audit   anymatch: [ '3.1.3' ],
49 silly audit   arg: [ '5.0.2' ],
49 silly audit   'ast-kit': [ '2.2.0' ],
49 silly audit   'ast-walker-scope': [ '0.8.3' ],
49 silly audit   autoprefixer: [ '10.4.24' ],
49 silly audit   'baseline-browser-mapping': [ '2.9.19' ],
49 silly audit   'binary-extensions': [ '2.3.0' ],
49 silly audit   birpc: [ '2.9.0' ],
49 silly audit   braces: [ '3.0.3' ],
49 silly audit   browserslist: [ '4.28.1' ],
49 silly audit   'camelcase-css': [ '2.0.1' ],
49 silly audit   'caniuse-lite': [ '1.0.30001767' ],
49 silly audit   chokidar: [ '3.6.0', '5.0.0' ],
49 silly audit   'glob-parent': [ '5.1.2', '6.0.2' ],
49 silly audit   commander: [ '4.1.1' ],
49 silly audit   confbox: [ '0.2.2', '0.1.8' ],
49 silly audit   'copy-anything': [ '4.0.5' ],
49 silly audit   cssesc: [ '3.0.0' ],
49 silly audit   csstype: [ '3.2.3' ],
49 silly audit   didyoumean: [ '1.2.2' ],
49 silly audit   dlv: [ '1.1.3' ],
49 silly audit   dompurify: [ '3.2.7' ],
49 silly audit   'electron-to-chromium': [ '1.5.286' ],
49 silly audit   emmet: [ '2.4.11' ],
49 silly audit   'emmet-monaco-es': [ '5.6.1' ],
49 silly audit   entities: [ '7.0.1' ],
49 silly audit   esbuild: [ '0.21.5' ],
49 silly audit   escalade: [ '3.2.0' ],
49 silly audit   'estree-walker': [ '2.0.2' ],
49 silly audit   exsolve: [ '1.0.8' ],
49 silly audit   'fast-glob': [ '3.3.3' ],
49 silly audit   fastq: [ '1.20.1' ],
49 silly audit   'fill-range': [ '7.1.1' ],
49 silly audit   'fraction.js': [ '5.3.4' ],
49 silly audit   fsevents: [ '2.3.3' ],
49 silly audit   'function-bind': [ '1.1.2' ],
49 silly audit   hasown: [ '2.0.2' ],
49 silly audit   'highlight.js': [ '11.11.1' ],
49 silly audit   hookable: [ '5.5.3' ],
49 silly audit   'is-binary-path': [ '2.1.0' ],
49 silly audit   'is-core-module': [ '2.16.1' ],
49 silly audit   'is-extglob': [ '2.1.1' ],
49 silly audit   'is-glob': [ '4.0.3' ],
49 silly audit   'is-number': [ '7.0.0' ],
49 silly audit   'is-what': [ '5.5.0' ],
49 silly audit   jiti: [ '1.21.7' ],
49 silly audit   jsesc: [ '3.1.0' ],
49 silly audit   json5: [ '2.2.3' ],
49 silly audit   jsrsasign: [ '11.1.0' ],
49 silly audit   lilconfig: [ '3.1.3' ],
49 silly audit   'lines-and-columns': [ '1.2.4' ],
49 silly audit   'local-pkg': [ '1.1.2' ],
49 silly audit   'lucide-vue-next': [ '0.563.0' ],
49 silly audit   'magic-string': [ '0.30.21' ],
49 silly audit   'magic-string-ast': [ '1.0.3' ],
49 silly audit   marked: [ '17.0.1', '14.0.0' ],
49 silly audit   merge2: [ '1.4.1' ],
49 silly audit   micromatch: [ '4.0.8' ],
49 silly audit   mitt: [ '3.0.1' ],
49 silly audit   mlly: [ '1.8.0' ],
49 silly audit   'pkg-types': [ '1.3.1', '2.3.0' ],
49 silly audit   'monaco-editor': [ '0.55.1' ],
49 silly audit   'muggle-string': [ '0.4.1' ],
49 silly audit   mz: [ '2.7.0' ],
49 silly audit   nanoid: [ '3.3.11' ],
49 silly audit   'node-releases': [ '2.0.27' ],
49 silly audit   'normalize-path': [ '3.0.0' ],
49 silly audit   'object-assign': [ '4.1.1' ],
49 silly audit   'object-hash': [ '3.0.0' ],
49 silly audit   'path-parse': [ '1.0.7' ],
49 silly audit   pathe: [ '2.0.3' ],
49 silly audit   'perfect-debounce': [ '2.1.0' ],
49 silly audit   picocolors: [ '1.1.1' ],
49 silly audit   picomatch: [ '2.3.1', '4.0.3' ],
49 silly audit   pify: [ '2.3.0' ],
49 silly audit   pirates: [ '4.0.7' ],
49 silly audit   postcss: [ '8.5.6' ],
49 silly audit   'postcss-import': [ '15.1.0' ],
49 silly audit   'postcss-js': [ '4.1.0' ],
49 silly audit   'postcss-load-config': [ '6.0.1' ],
49 silly audit   'postcss-nested': [ '6.2.0' ],
49 silly audit   'postcss-value-parser': [ '4.2.0' ],
49 silly audit   quansync: [ '0.2.11' ],
49 silly audit   'queue-microtask': [ '1.2.3' ],
49 silly audit   'read-cache': [ '1.0.0' ],
49 silly audit   readdirp: [ '3.6.0', '5.0.0' ],
49 silly audit   resolve: [ '1.22.11' ],
49 silly audit   reusify: [ '1.1.0' ],
49 silly audit   rfdc: [ '1.4.1' ],
49 silly audit   rollup: [ '4.57.1' ],
49 silly audit   'run-parallel': [ '1.2.0' ],
49 silly audit   scule: [ '1.3.0' ],
49 silly audit   'source-map-js': [ '1.2.1' ],
49 silly audit   speakingurl: [ '14.0.1' ],
49 silly audit   sucrase: [ '3.35.1' ],
49 silly audit   superjson: [ '2.2.6' ],
49 silly audit   'supports-preserve-symlinks-flag': [ '1.0.0' ],
49 silly audit   tailwindcss: [ '3.4.19' ],
49 silly audit   thenify: [ '3.3.1' ],
49 silly audit   'thenify-all': [ '1.6.0' ],
49 silly audit   tinyglobby: [ '0.2.15' ],
49 silly audit   fdir: [ '6.5.0' ],
49 silly audit   'to-regex-range': [ '5.0.1' ],
49 silly audit   'ts-interface-checker': [ '0.1.13' ],
49 silly audit   ufo: [ '1.6.3' ],
49 silly audit   unplugin: [ '3.0.0' ],
49 silly audit   'unplugin-utils': [ '0.3.1' ],
49 silly audit   'update-browserslist-db': [ '1.2.3' ],
49 silly audit   'util-deprecate': [ '1.0.2' ],
49 silly audit   vite: [ '5.4.21' ],
49 silly audit   vue: [ '3.5.27' ],
49 silly audit   'vue-router': [ '5.0.2' ],
49 silly audit   'vue-sonner': [ '2.0.9' ],
49 silly audit   'webpack-virtual-modules': [ '0.6.2' ],
49 silly audit   yaml: [ '2.8.2' ],
49 silly audit   '@vueuse/core': [ '14.2.0' ],
49 silly audit   '@types/web-bluetooth': [ '0.0.21' ],
49 silly audit   '@vueuse/metadata': [ '14.2.0' ],
49 silly audit   '@vueuse/shared': [ '14.2.0' ]
49 silly audit }
50 http cache @types/web-bluetooth@https://registry.npmjs.org/@types/web-bluetooth/-/web-bluetooth-0.0.21.tgz 0ms (cache hit)
51 silly tarball no local data for @types/web-bluetooth@https://registry.npmjs.org/@types/web-bluetooth/-/web-bluetooth-0.0.21.tgz. Extracting by manifest.
52 http cache @vueuse/metadata@https://registry.npmjs.org/@vueuse/metadata/-/metadata-14.2.0.tgz 0ms (cache hit)
53 http cache @vueuse/core@https://registry.npmjs.org/@vueuse/core/-/core-14.2.0.tgz 0ms (cache hit)
54 http cache @vueuse/shared@https://registry.npmjs.org/@vueuse/shared/-/shared-14.2.0.tgz 0ms (cache hit)
55 silly tarball no local data for @vueuse/metadata@https://registry.npmjs.org/@vueuse/metadata/-/metadata-14.2.0.tgz. Extracting by manifest.
56 silly tarball no local data for @vueuse/core@https://registry.npmjs.org/@vueuse/core/-/core-14.2.0.tgz. Extracting by manifest.
57 silly tarball no local data for @vueuse/shared@https://registry.npmjs.org/@vueuse/shared/-/shared-14.2.0.tgz. Extracting by manifest.
58 http fetch POST 200 https://registry.npmjs.org/-/npm/v1/security/advisories/bulk 258ms
59 silly audit report {
59 silly audit report   esbuild: [
59 silly audit report     {
59 silly audit report       id: 1102341,
59 silly audit report       url: 'https://github.com/advisories/GHSA-67mh-4wv8-2f99',
59 silly audit report       title: 'esbuild enables any website to send any requests to the development server and read the response',
59 silly audit report       severity: 'moderate',
59 silly audit report       vulnerable_versions: '<=0.24.2',
59 silly audit report       cwe: [Array],
59 silly audit report       cvss: [Object]
59 silly audit report     }
59 silly audit report   ]
59 silly audit report }
60 silly packumentCache corgi:https://registry.npmjs.org/esbuild cache-miss
61 http fetch GET 200 https://registry.npmjs.org/@types/web-bluetooth/-/web-bluetooth-0.0.21.tgz 269ms (cache miss)
62 http fetch GET 200 https://registry.npmjs.org/esbuild 245ms (cache revalidated)
63 silly packumentCache corgi:https://registry.npmjs.org/esbuild set size:879341 disposed:false
64 silly packumentCache corgi:https://registry.npmjs.org/vite cache-miss
65 http fetch GET 200 https://registry.npmjs.org/@vueuse/metadata/-/metadata-14.2.0.tgz 655ms (cache miss)
66 http fetch GET 200 https://registry.npmjs.org/vite 263ms (cache revalidated)
67 silly packumentCache corgi:https://registry.npmjs.org/vite set size:2181475 disposed:false
68 silly packumentCache corgi:https://registry.npmjs.org/@vitejs%2fplugin-vue cache-miss
69 http fetch GET 200 https://registry.npmjs.org/@vitejs%2fplugin-vue 315ms (cache revalidated)
70 silly packumentCache corgi:https://registry.npmjs.org/@vitejs%2fplugin-vue set size:170535 disposed:false
71 http fetch GET 200 https://registry.npmjs.org/@vueuse/core/-/core-14.2.0.tgz 1472ms (cache miss)
72 http fetch GET 200 https://registry.npmjs.org/@vueuse/shared/-/shared-14.2.0.tgz 1915ms (cache miss)
73 silly ADD node_modules/@vueuse/shared
74 silly ADD node_modules/@vueuse/metadata
75 silly ADD node_modules/@types/web-bluetooth
76 silly ADD node_modules/@vueuse/core
77 verbose cwd C:\Users\Administrator\Desktop\blog\2025-blog-public
78 verbose os Windows_NT 10.0.26200
79 verbose node v24.10.0
80 verbose npm  v11.6.2
81 verbose exit 0
82 info ok
