0 verbose cli C:\Program Files\nodejs\node.exe C:\Program Files\nodejs\node_global\node_modules\npm\bin\npm-cli.js
1 info using npm@11.6.2
2 info using node@v24.10.0
3 silly config load:file:C:\Program Files\nodejs\node_global\node_modules\npm\npmrc
4 silly config load:file:C:\Users\Administrator\.npmrc
5 silly config load:file:C:\Program Files\nodejs\node_global\etc\npmrc
6 verbose title npm install uipro-cli
7 verbose argv "install" "--global" "uipro-cli"
8 verbose logfile logs-max:10 dir:C:\Users\Administrator\Desktop\blog\2025-blog-public\.npm-cache\_logs\2026-02-05T14_51_11_335Z-
9 verbose logfile C:\Users\Administrator\Desktop\blog\2025-blog-public\.npm-cache\_logs\2026-02-05T14_51_11_335Z-debug-0.log
10 silly packumentCache heap:4496293888 maxSize:1124073472 maxEntrySize:562036736
11 silly logfile start cleaning logs, removing 1 files
12 silly logfile done cleaning log files
13 silly idealTree buildDeps
14 silly fetch manifest uipro-cli@*
15 silly packumentCache full:https://registry.npmjs.org/uipro-cli cache-miss
16 http fetch GET 200 https://registry.npmjs.org/uipro-cli 3863ms (cache revalidated)
17 silly packumentCache full:https://registry.npmjs.org/uipro-cli set size:39067 disposed:false
18 silly placeDep ROOT uipro-cli@2.2.3 OK for:  want: *
19 silly fetch manifest commander@^12.1.0
20 silly packumentCache full:https://registry.npmjs.org/commander cache-miss
21 silly fetch manifest chalk@^5.3.0
22 silly packumentCache full:https://registry.npmjs.org/chalk cache-miss
23 silly fetch manifest ora@^8.1.1
24 silly packumentCache full:https://registry.npmjs.org/ora cache-miss
25 silly fetch manifest prompts@^2.4.2
26 silly packumentCache full:https://registry.npmjs.org/prompts cache-miss
27 http fetch GET 200 https://registry.npmjs.org/chalk 292ms (cache revalidated)
28 silly packumentCache full:https://registry.npmjs.org/chalk set size:117861 disposed:false
29 http fetch GET 200 https://registry.npmjs.org/prompts 1544ms (cache revalidated)
30 silly packumentCache full:https://registry.npmjs.org/prompts set size:115896 disposed:false
31 http fetch GET 200 https://registry.npmjs.org/ora 2015ms (cache revalidated)
32 silly packumentCache full:https://registry.npmjs.org/ora set size:142374 disposed:false
33 http fetch GET 200 https://registry.npmjs.org/commander 2574ms (cache revalidated)
34 silly packumentCache full:https://registry.npmjs.org/commander set size:348500 disposed:false
35 silly placeDep node_modules/uipro-cli chalk@5.6.2 OK for: uipro-cli@2.2.3 want: ^5.3.0
36 silly placeDep node_modules/uipro-cli commander@12.1.0 OK for: uipro-cli@2.2.3 want: ^12.1.0
37 silly placeDep node_modules/uipro-cli ora@8.2.0 OK for: uipro-cli@2.2.3 want: ^8.1.1
38 silly placeDep node_modules/uipro-cli prompts@2.4.2 OK for: uipro-cli@2.2.3 want: ^2.4.2
39 silly fetch manifest cli-cursor@^5.0.0
40 silly packumentCache full:https://registry.npmjs.org/cli-cursor cache-miss
41 silly fetch manifest strip-ansi@^7.1.0
42 silly packumentCache full:https://registry.npmjs.org/strip-ansi cache-miss
43 silly fetch manifest log-symbols@^6.0.0
44 silly packumentCache full:https://registry.npmjs.org/log-symbols cache-miss
45 silly fetch manifest cli-spinners@^2.9.2
46 silly packumentCache full:https://registry.npmjs.org/cli-spinners cache-miss
47 silly fetch manifest string-width@^7.2.0
48 silly packumentCache full:https://registry.npmjs.org/string-width cache-miss
49 silly fetch manifest is-interactive@^2.0.0
50 silly packumentCache full:https://registry.npmjs.org/is-interactive cache-miss
51 silly fetch manifest stdin-discarder@^0.2.2
52 silly packumentCache full:https://registry.npmjs.org/stdin-discarder cache-miss
53 silly fetch manifest is-unicode-supported@^2.0.0
54 silly packumentCache full:https://registry.npmjs.org/is-unicode-supported cache-miss
55 silly fetch manifest kleur@^3.0.3
56 silly packumentCache full:https://registry.npmjs.org/kleur cache-miss
57 silly fetch manifest sisteransi@^1.0.5
58 silly packumentCache full:https://registry.npmjs.org/sisteransi cache-miss
59 http fetch GET 200 https://registry.npmjs.org/strip-ansi 293ms (cache revalidated)
60 silly packumentCache full:https://registry.npmjs.org/strip-ansi set size:41855 disposed:false
61 http fetch GET 200 https://registry.npmjs.org/log-symbols 304ms (cache revalidated)
62 silly packumentCache full:https://registry.npmjs.org/log-symbols set size:31977 disposed:false
63 http fetch GET 200 https://registry.npmjs.org/cli-cursor 309ms (cache revalidated)
64 silly packumentCache full:https://registry.npmjs.org/cli-cursor set size:18913 disposed:false
65 http fetch GET 200 https://registry.npmjs.org/cli-spinners 318ms (cache revalidated)
66 silly packumentCache full:https://registry.npmjs.org/cli-spinners set size:67473 disposed:false
67 http fetch GET 200 https://registry.npmjs.org/stdin-discarder 1070ms (cache revalidated)
68 silly packumentCache full:https://registry.npmjs.org/stdin-discarder set size:13423 disposed:false
69 http fetch GET 200 https://registry.npmjs.org/kleur 1097ms (cache revalidated)
70 silly packumentCache full:https://registry.npmjs.org/kleur set size:61853 disposed:false
71 http fetch GET 200 https://registry.npmjs.org/string-width 3967ms (cache revalidated)
72 silly packumentCache full:https://registry.npmjs.org/string-width set size:66232 disposed:false
73 http fetch GET 200 https://registry.npmjs.org/is-interactive 4000ms (cache revalidated)
74 silly packumentCache full:https://registry.npmjs.org/is-interactive set size:10692 disposed:false
75 http fetch GET 200 https://registry.npmjs.org/is-unicode-supported 4029ms (cache revalidated)
76 silly packumentCache full:https://registry.npmjs.org/is-unicode-supported set size:19461 disposed:false
77 http fetch GET 200 https://registry.npmjs.org/sisteransi 4612ms (cache revalidated)
78 silly packumentCache full:https://registry.npmjs.org/sisteransi set size:23215 disposed:false
79 silly placeDep node_modules/uipro-cli cli-cursor@5.0.0 OK for: ora@8.2.0 want: ^5.0.0
80 silly placeDep node_modules/uipro-cli cli-spinners@2.9.2 OK for: ora@8.2.0 want: ^2.9.2
81 silly placeDep node_modules/uipro-cli is-interactive@2.0.0 OK for: ora@8.2.0 want: ^2.0.0
82 silly placeDep node_modules/uipro-cli is-unicode-supported@2.1.0 OK for: ora@8.2.0 want: ^2.0.0
83 silly placeDep node_modules/uipro-cli log-symbols@6.0.0 OK for: ora@8.2.0 want: ^6.0.0
84 silly placeDep node_modules/uipro-cli stdin-discarder@0.2.2 OK for: ora@8.2.0 want: ^0.2.2
85 silly placeDep node_modules/uipro-cli string-width@7.2.0 OK for: ora@8.2.0 want: ^7.2.0
86 silly placeDep node_modules/uipro-cli strip-ansi@7.1.2 OK for: ora@8.2.0 want: ^7.1.0
87 silly fetch manifest restore-cursor@^5.0.0
88 silly packumentCache full:https://registry.npmjs.org/restore-cursor cache-miss
89 silly fetch manifest is-unicode-supported@^1.3.0
90 silly packumentCache full:https://registry.npmjs.org/is-unicode-supported cache-hit
91 silly fetch manifest emoji-regex@^10.3.0
92 silly packumentCache full:https://registry.npmjs.org/emoji-regex cache-miss
93 silly fetch manifest get-east-asian-width@^1.0.0
94 silly packumentCache full:https://registry.npmjs.org/get-east-asian-width cache-miss
95 silly fetch manifest ansi-regex@^6.0.1
96 silly packumentCache full:https://registry.npmjs.org/ansi-regex cache-miss
97 http fetch GET 200 https://registry.npmjs.org/get-east-asian-width 219ms (cache revalidated)
98 silly packumentCache full:https://registry.npmjs.org/get-east-asian-width set size:16137 disposed:false
99 http fetch GET 200 https://registry.npmjs.org/ansi-regex 219ms (cache revalidated)
100 silly packumentCache full:https://registry.npmjs.org/ansi-regex set size:43572 disposed:false
101 http fetch GET 200 https://registry.npmjs.org/emoji-regex 236ms (cache revalidated)
102 silly packumentCache full:https://registry.npmjs.org/emoji-regex set size:89088 disposed:false
103 http fetch GET 200 https://registry.npmjs.org/restore-cursor 251ms (cache revalidated)
104 silly packumentCache full:https://registry.npmjs.org/restore-cursor set size:17895 disposed:false
105 silly placeDep node_modules/uipro-cli restore-cursor@5.1.0 OK for: cli-cursor@5.0.0 want: ^5.0.0
106 silly fetch manifest onetime@^7.0.0
107 silly packumentCache full:https://registry.npmjs.org/onetime cache-miss
108 silly fetch manifest signal-exit@^4.1.0
109 silly packumentCache full:https://registry.npmjs.org/signal-exit cache-miss
110 http fetch GET 200 https://registry.npmjs.org/onetime 224ms (cache revalidated)
111 silly packumentCache full:https://registry.npmjs.org/onetime set size:32314 disposed:false
112 http fetch GET 200 https://registry.npmjs.org/signal-exit 235ms (cache revalidated)
113 silly packumentCache full:https://registry.npmjs.org/signal-exit set size:53489 disposed:false
114 silly placeDep node_modules/uipro-cli/node_modules/log-symbols is-unicode-supported@1.3.0 OK for: log-symbols@6.0.0 want: ^1.3.0
115 silly placeDep node_modules/uipro-cli kleur@3.0.3 OK for: prompts@2.4.2 want: ^3.0.3
116 silly placeDep node_modules/uipro-cli sisteransi@1.0.5 OK for: prompts@2.4.2 want: ^1.0.5
117 silly placeDep node_modules/uipro-cli onetime@7.0.0 OK for: restore-cursor@5.1.0 want: ^7.0.0
118 silly placeDep node_modules/uipro-cli signal-exit@4.1.0 OK for: restore-cursor@5.1.0 want: ^4.1.0
119 silly fetch manifest mimic-function@^5.0.0
120 silly packumentCache full:https://registry.npmjs.org/mimic-function cache-miss
121 http fetch GET 200 https://registry.npmjs.org/mimic-function 286ms (cache revalidated)
122 silly packumentCache full:https://registry.npmjs.org/mimic-function set size:6356 disposed:false
123 silly placeDep node_modules/uipro-cli mimic-function@5.0.1 OK for: onetime@7.0.0 want: ^5.0.0
124 silly placeDep node_modules/uipro-cli emoji-regex@10.6.0 OK for: string-width@7.2.0 want: ^10.3.0
125 silly placeDep node_modules/uipro-cli get-east-asian-width@1.4.0 OK for: string-width@7.2.0 want: ^1.0.0
126 silly placeDep node_modules/uipro-cli ansi-regex@6.2.2 OK for: strip-ansi@7.1.2 want: ^6.0.1
127 silly reify moves {}
128 http cache uipro-cli@https://registry.npmjs.org/uipro-cli/-/uipro-cli-2.2.3.tgz 0ms (cache hit)
129 http cache get-east-asian-width@https://registry.npmjs.org/get-east-asian-width/-/get-east-asian-width-1.4.0.tgz 0ms (cache hit)
130 http cache emoji-regex@https://registry.npmjs.org/emoji-regex/-/emoji-regex-10.6.0.tgz 0ms (cache hit)
131 http cache mimic-function@https://registry.npmjs.org/mimic-function/-/mimic-function-5.0.1.tgz 0ms (cache hit)
132 http cache ansi-regex@https://registry.npmjs.org/ansi-regex/-/ansi-regex-6.2.2.tgz 0ms (cache hit)
133 http cache onetime@https://registry.npmjs.org/onetime/-/onetime-7.0.0.tgz 0ms (cache hit)
134 http cache sisteransi@https://registry.npmjs.org/sisteransi/-/sisteransi-1.0.5.tgz 0ms (cache hit)
135 http cache signal-exit@https://registry.npmjs.org/signal-exit/-/signal-exit-4.1.0.tgz 0ms (cache hit)
136 http cache kleur@https://registry.npmjs.org/kleur/-/kleur-3.0.3.tgz 0ms (cache hit)
137 http cache is-unicode-supported@https://registry.npmjs.org/is-unicode-supported/-/is-unicode-supported-1.3.0.tgz 0ms (cache hit)
138 http cache restore-cursor@https://registry.npmjs.org/restore-cursor/-/restore-cursor-5.1.0.tgz 0ms (cache hit)
139 http cache strip-ansi@https://registry.npmjs.org/strip-ansi/-/strip-ansi-7.1.2.tgz 0ms (cache hit)
140 http cache string-width@https://registry.npmjs.org/string-width/-/string-width-7.2.0.tgz 0ms (cache hit)
141 http cache is-unicode-supported@https://registry.npmjs.org/is-unicode-supported/-/is-unicode-supported-2.1.0.tgz 0ms (cache hit)
142 http cache log-symbols@https://registry.npmjs.org/log-symbols/-/log-symbols-6.0.0.tgz 0ms (cache hit)
143 http cache is-interactive@https://registry.npmjs.org/is-interactive/-/is-interactive-2.0.0.tgz 0ms (cache hit)
144 http cache cli-cursor@https://registry.npmjs.org/cli-cursor/-/cli-cursor-5.0.0.tgz 0ms (cache hit)
145 http cache cli-spinners@https://registry.npmjs.org/cli-spinners/-/cli-spinners-2.9.2.tgz 0ms (cache hit)
146 http cache prompts@https://registry.npmjs.org/prompts/-/prompts-2.4.2.tgz 0ms (cache hit)
147 http cache stdin-discarder@https://registry.npmjs.org/stdin-discarder/-/stdin-discarder-0.2.2.tgz 0ms (cache hit)
148 silly tarball no local data for uipro-cli@https://registry.npmjs.org/uipro-cli/-/uipro-cli-2.2.3.tgz. Extracting by manifest.
149 silly tarball no local data for get-east-asian-width@https://registry.npmjs.org/get-east-asian-width/-/get-east-asian-width-1.4.0.tgz. Extracting by manifest.
150 silly tarball no local data for emoji-regex@https://registry.npmjs.org/emoji-regex/-/emoji-regex-10.6.0.tgz. Extracting by manifest.
151 silly tarball no local data for mimic-function@https://registry.npmjs.org/mimic-function/-/mimic-function-5.0.1.tgz. Extracting by manifest.
152 silly tarball no local data for ansi-regex@https://registry.npmjs.org/ansi-regex/-/ansi-regex-6.2.2.tgz. Extracting by manifest.
153 silly tarball no local data for onetime@https://registry.npmjs.org/onetime/-/onetime-7.0.0.tgz. Extracting by manifest.
154 silly tarball no local data for sisteransi@https://registry.npmjs.org/sisteransi/-/sisteransi-1.0.5.tgz. Extracting by manifest.
155 silly tarball no local data for signal-exit@https://registry.npmjs.org/signal-exit/-/signal-exit-4.1.0.tgz. Extracting by manifest.
156 silly tarball no local data for kleur@https://registry.npmjs.org/kleur/-/kleur-3.0.3.tgz. Extracting by manifest.
157 silly tarball no local data for is-unicode-supported@https://registry.npmjs.org/is-unicode-supported/-/is-unicode-supported-1.3.0.tgz. Extracting by manifest.
158 silly tarball no local data for restore-cursor@https://registry.npmjs.org/restore-cursor/-/restore-cursor-5.1.0.tgz. Extracting by manifest.
159 http cache ora@https://registry.npmjs.org/ora/-/ora-8.2.0.tgz 0ms (cache hit)
160 silly tarball no local data for strip-ansi@https://registry.npmjs.org/strip-ansi/-/strip-ansi-7.1.2.tgz. Extracting by manifest.
161 silly tarball no local data for string-width@https://registry.npmjs.org/string-width/-/string-width-7.2.0.tgz. Extracting by manifest.
162 silly tarball no local data for is-unicode-supported@https://registry.npmjs.org/is-unicode-supported/-/is-unicode-supported-2.1.0.tgz. Extracting by manifest.
163 silly tarball no local data for log-symbols@https://registry.npmjs.org/log-symbols/-/log-symbols-6.0.0.tgz. Extracting by manifest.
164 silly tarball no local data for is-interactive@https://registry.npmjs.org/is-interactive/-/is-interactive-2.0.0.tgz. Extracting by manifest.
165 silly tarball no local data for cli-cursor@https://registry.npmjs.org/cli-cursor/-/cli-cursor-5.0.0.tgz. Extracting by manifest.
166 silly tarball no local data for cli-spinners@https://registry.npmjs.org/cli-spinners/-/cli-spinners-2.9.2.tgz. Extracting by manifest.
167 silly tarball no local data for prompts@https://registry.npmjs.org/prompts/-/prompts-2.4.2.tgz. Extracting by manifest.
168 silly tarball no local data for stdin-discarder@https://registry.npmjs.org/stdin-discarder/-/stdin-discarder-0.2.2.tgz. Extracting by manifest.
169 http cache chalk@https://registry.npmjs.org/chalk/-/chalk-5.6.2.tgz 0ms (cache hit)
170 http cache commander@https://registry.npmjs.org/commander/-/commander-12.1.0.tgz 0ms (cache hit)
171 silly tarball no local data for ora@https://registry.npmjs.org/ora/-/ora-8.2.0.tgz. Extracting by manifest.
172 silly tarball no local data for chalk@https://registry.npmjs.org/chalk/-/chalk-5.6.2.tgz. Extracting by manifest.
173 silly tarball no local data for commander@https://registry.npmjs.org/commander/-/commander-12.1.0.tgz. Extracting by manifest.
174 http fetch GET 200 https://registry.npmjs.org/emoji-regex/-/emoji-regex-10.6.0.tgz 244ms (cache miss)
175 http fetch GET 200 https://registry.npmjs.org/is-unicode-supported/-/is-unicode-supported-1.3.0.tgz 265ms (cache miss)
176 http fetch GET 200 https://registry.npmjs.org/sisteransi/-/sisteransi-1.0.5.tgz 269ms (cache miss)
177 http fetch GET 200 https://registry.npmjs.org/ansi-regex/-/ansi-regex-6.2.2.tgz 281ms (cache miss)
178 http fetch GET 200 https://registry.npmjs.org/mimic-function/-/mimic-function-5.0.1.tgz 281ms (cache miss)
179 http fetch GET 200 https://registry.npmjs.org/onetime/-/onetime-7.0.0.tgz 290ms (cache miss)
180 http fetch GET 200 https://registry.npmjs.org/get-east-asian-width/-/get-east-asian-width-1.4.0.tgz 293ms (cache miss)
181 http fetch GET 200 https://registry.npmjs.org/kleur/-/kleur-3.0.3.tgz 294ms (cache miss)
182 http fetch GET 200 https://registry.npmjs.org/signal-exit/-/signal-exit-4.1.0.tgz 312ms (cache miss)
183 http fetch GET 200 https://registry.npmjs.org/is-interactive/-/is-interactive-2.0.0.tgz 478ms (cache miss)
184 http fetch GET 200 https://registry.npmjs.org/ora/-/ora-8.2.0.tgz 513ms (cache miss)
185 http fetch GET 200 https://registry.npmjs.org/cli-cursor/-/cli-cursor-5.0.0.tgz 538ms (cache miss)
186 http fetch GET 200 https://registry.npmjs.org/cli-spinners/-/cli-spinners-2.9.2.tgz 555ms (cache miss)
187 http fetch GET 200 https://registry.npmjs.org/stdin-discarder/-/stdin-discarder-0.2.2.tgz 564ms (cache miss)
188 http fetch GET 200 https://registry.npmjs.org/commander/-/commander-12.1.0.tgz 574ms (cache miss)
189 http fetch GET 200 https://registry.npmjs.org/chalk/-/chalk-5.6.2.tgz 601ms (cache miss)
190 http fetch GET 200 https://registry.npmjs.org/prompts/-/prompts-2.4.2.tgz 621ms (cache miss)
191 http fetch GET 200 https://registry.npmjs.org/uipro-cli/-/uipro-cli-2.2.3.tgz 767ms (cache miss)
192 http fetch GET 200 https://registry.npmjs.org/log-symbols/-/log-symbols-6.0.0.tgz 1585ms (cache miss)
193 http fetch GET 200 https://registry.npmjs.org/restore-cursor/-/restore-cursor-5.1.0.tgz 1595ms (cache miss)
194 http fetch GET 200 https://registry.npmjs.org/is-unicode-supported/-/is-unicode-supported-2.1.0.tgz 3914ms (cache miss)
195 http fetch GET 200 https://registry.npmjs.org/string-width/-/string-width-7.2.0.tgz 3926ms (cache miss)
196 http fetch GET 200 https://registry.npmjs.org/strip-ansi/-/strip-ansi-7.1.2.tgz 3930ms (cache miss)
197 silly ADD node_modules/uipro-cli
198 silly ADD node_modules/uipro-cli/node_modules/ansi-regex
199 silly ADD node_modules/uipro-cli/node_modules/get-east-asian-width
200 silly ADD node_modules/uipro-cli/node_modules/emoji-regex
201 silly ADD node_modules/uipro-cli/node_modules/mimic-function
202 silly ADD node_modules/uipro-cli/node_modules/signal-exit
203 silly ADD node_modules/uipro-cli/node_modules/onetime
204 silly ADD node_modules/uipro-cli/node_modules/sisteransi
205 silly ADD node_modules/uipro-cli/node_modules/kleur
206 silly ADD node_modules/uipro-cli/node_modules/restore-cursor
207 silly ADD node_modules/uipro-cli/node_modules/strip-ansi
208 silly ADD node_modules/uipro-cli/node_modules/string-width
209 silly ADD node_modules/uipro-cli/node_modules/stdin-discarder
210 silly ADD node_modules/uipro-cli/node_modules/log-symbols
211 silly ADD node_modules/uipro-cli/node_modules/log-symbols/node_modules/is-unicode-supported
212 silly ADD node_modules/uipro-cli/node_modules/is-unicode-supported
213 silly ADD node_modules/uipro-cli/node_modules/is-interactive
214 silly ADD node_modules/uipro-cli/node_modules/cli-spinners
215 silly ADD node_modules/uipro-cli/node_modules/cli-cursor
216 silly ADD node_modules/uipro-cli/node_modules/prompts
217 silly ADD node_modules/uipro-cli/node_modules/ora
218 silly ADD node_modules/uipro-cli/node_modules/commander
219 silly ADD node_modules/uipro-cli/node_modules/chalk
220 verbose cwd C:\Users\Administrator\Desktop\blog\2025-blog-public
221 verbose os Windows_NT 10.0.26200
222 verbose node v24.10.0
223 verbose npm  v11.6.2
224 verbose exit 0
225 info ok
