0 verbose cli C:\Program Files\nodejs\node.exe C:\Program Files\nodejs\node_global\node_modules\npm\bin\npm-cli.js
1 info using npm@11.6.2
2 info using node@v24.10.0
3 silly config load:file:C:\Program Files\nodejs\node_global\node_modules\npm\npmrc
4 silly config load:file:C:\Users\Administrator\Desktop\blog\2025-blog-public\.npmrc
5 warn Unknown project config "enable-pre-post-scripts". This will stop working in the next major version of npm.
6 silly config load:file:C:\Users\Administrator\.npmrc
7 silly config load:file:C:\Program Files\nodejs\node_global\etc\npmrc
8 verbose title npm install
9 verbose argv "install"
10 verbose logfile logs-max:10 dir:C:\Users\Administrator\Desktop\blog\2025-blog-public\.npm-cache\_logs\2026-02-05T05_01_37_664Z-
11 verbose logfile C:\Users\Administrator\Desktop\blog\2025-blog-public\.npm-cache\_logs\2026-02-05T05_01_37_664Z-debug-0.log
12 silly logfile done cleaning log files
13 silly packumentCache heap:4496293888 maxSize:1124073472 maxEntrySize:562036736
14 silly idealTree buildDeps
15 verbose shrinkwrap failed to load node_modules/.package-lock.json out of date, updated: node_modules
16 silly reify moves {}
17 silly audit bulk request {
17 silly audit   '@alloc/quick-lru': [ '5.2.0' ],
17 silly audit   '@babel/helper-string-parser': [ '7.27.1' ],
17 silly audit   '@babel/helper-validator-identifier': [ '7.28.5' ],
17 silly audit   '@babel/parser': [ '7.29.0' ],
17 silly audit   '@babel/types': [ '7.29.0' ],
17 silly audit   '@esbuild/aix-ppc64': [ '0.21.5' ],
17 silly audit   '@esbuild/android-arm': [ '0.21.5' ],
17 silly audit   '@esbuild/android-arm64': [ '0.21.5' ],
17 silly audit   '@esbuild/android-x64': [ '0.21.5' ],
17 silly audit   '@esbuild/darwin-arm64': [ '0.21.5' ],
17 silly audit   '@esbuild/darwin-x64': [ '0.21.5' ],
17 silly audit   '@esbuild/freebsd-arm64': [ '0.21.5' ],
17 silly audit   '@esbuild/freebsd-x64': [ '0.21.5' ],
17 silly audit   '@esbuild/linux-arm': [ '0.21.5' ],
17 silly audit   '@esbuild/linux-arm64': [ '0.21.5' ],
17 silly audit   '@esbuild/linux-ia32': [ '0.21.5' ],
17 silly audit   '@esbuild/linux-loong64': [ '0.21.5' ],
17 silly audit   '@esbuild/linux-mips64el': [ '0.21.5' ],
17 silly audit   '@esbuild/linux-ppc64': [ '0.21.5' ],
17 silly audit   '@esbuild/linux-riscv64': [ '0.21.5' ],
17 silly audit   '@esbuild/linux-s390x': [ '0.21.5' ],
17 silly audit   '@esbuild/linux-x64': [ '0.21.5' ],
17 silly audit   '@esbuild/netbsd-x64': [ '0.21.5' ],
17 silly audit   '@esbuild/openbsd-x64': [ '0.21.5' ],
17 silly audit   '@esbuild/sunos-x64': [ '0.21.5' ],
17 silly audit   '@esbuild/win32-arm64': [ '0.21.5' ],
17 silly audit   '@esbuild/win32-ia32': [ '0.21.5' ],
17 silly audit   '@esbuild/win32-x64': [ '0.21.5' ],
17 silly audit   '@jridgewell/gen-mapping': [ '0.3.13' ],
17 silly audit   '@jridgewell/resolve-uri': [ '3.1.2' ],
17 silly audit   '@jridgewell/sourcemap-codec': [ '1.5.5' ],
17 silly audit   '@jridgewell/trace-mapping': [ '0.3.31' ],
17 silly audit   '@nodelib/fs.scandir': [ '2.1.5' ],
17 silly audit   '@nodelib/fs.stat': [ '2.0.5' ],
17 silly audit   '@nodelib/fs.walk': [ '1.2.8' ],
17 silly audit   '@rollup/rollup-android-arm-eabi': [ '4.57.1' ],
17 silly audit   '@rollup/rollup-android-arm64': [ '4.57.1' ],
17 silly audit   '@rollup/rollup-darwin-arm64': [ '4.57.1' ],
17 silly audit   '@rollup/rollup-darwin-x64': [ '4.57.1' ],
17 silly audit   '@rollup/rollup-freebsd-arm64': [ '4.57.1' ],
17 silly audit   '@rollup/rollup-freebsd-x64': [ '4.57.1' ],
17 silly audit   '@rollup/rollup-linux-arm-gnueabihf': [ '4.57.1' ],
17 silly audit   '@rollup/rollup-linux-arm-musleabihf': [ '4.57.1' ],
17 silly audit   '@rollup/rollup-linux-arm64-gnu': [ '4.57.1' ],
17 silly audit   '@rollup/rollup-linux-arm64-musl': [ '4.57.1' ],
17 silly audit   '@rollup/rollup-linux-loong64-gnu': [ '4.57.1' ],
17 silly audit   '@rollup/rollup-linux-loong64-musl': [ '4.57.1' ],
17 silly audit   '@rollup/rollup-linux-ppc64-gnu': [ '4.57.1' ],
17 silly audit   '@rollup/rollup-linux-ppc64-musl': [ '4.57.1' ],
17 silly audit   '@rollup/rollup-linux-riscv64-gnu': [ '4.57.1' ],
17 silly audit   '@rollup/rollup-linux-riscv64-musl': [ '4.57.1' ],
17 silly audit   '@rollup/rollup-linux-s390x-gnu': [ '4.57.1' ],
17 silly audit   '@rollup/rollup-linux-x64-gnu': [ '4.57.1' ],
17 silly audit   '@rollup/rollup-linux-x64-musl': [ '4.57.1' ],
17 silly audit   '@rollup/rollup-openbsd-x64': [ '4.57.1' ],
17 silly audit   '@rollup/rollup-openharmony-arm64': [ '4.57.1' ],
17 silly audit   '@rollup/rollup-win32-arm64-msvc': [ '4.57.1' ],
17 silly audit   '@rollup/rollup-win32-ia32-msvc': [ '4.57.1' ],
17 silly audit   '@rollup/rollup-win32-x64-gnu': [ '4.57.1' ],
17 silly audit   '@rollup/rollup-win32-x64-msvc': [ '4.57.1' ],
17 silly audit   '@types/estree': [ '1.0.8' ],
17 silly audit   '@vitejs/plugin-vue': [ '5.2.4' ],
17 silly audit   '@vue/compiler-core': [ '3.5.27' ],
17 silly audit   '@vue/compiler-dom': [ '3.5.27' ],
17 silly audit   '@vue/compiler-sfc': [ '3.5.27' ],
17 silly audit   '@vue/compiler-ssr': [ '3.5.27' ],
17 silly audit   '@vue/reactivity': [ '3.5.27' ],
17 silly audit   '@vue/runtime-core': [ '3.5.27' ],
17 silly audit   '@vue/runtime-dom': [ '3.5.27' ],
17 silly audit   '@vue/server-renderer': [ '3.5.27' ],
17 silly audit   '@vue/shared': [ '3.5.27' ],
17 silly audit   'any-promise': [ '1.3.0' ],
17 silly audit   anymatch: [ '3.1.3' ],
17 silly audit   arg: [ '5.0.2' ],
17 silly audit   autoprefixer: [ '10.4.24' ],
17 silly audit   'baseline-browser-mapping': [ '2.9.19' ],
17 silly audit   'binary-extensions': [ '2.3.0' ],
17 silly audit   braces: [ '3.0.3' ],
17 silly audit   browserslist: [ '4.28.1' ],
17 silly audit   'camelcase-css': [ '2.0.1' ],
17 silly audit   'caniuse-lite': [ '1.0.30001767' ],
17 silly audit   chokidar: [ '3.6.0' ],
17 silly audit   'glob-parent': [ '5.1.2', '6.0.2' ],
17 silly audit   commander: [ '4.1.1' ],
17 silly audit   cssesc: [ '3.0.0' ],
17 silly audit   csstype: [ '3.2.3' ],
17 silly audit   didyoumean: [ '1.2.2' ],
17 silly audit   dlv: [ '1.1.3' ],
17 silly audit   'electron-to-chromium': [ '1.5.286' ],
17 silly audit   entities: [ '7.0.1' ],
17 silly audit   esbuild: [ '0.21.5' ],
17 silly audit   escalade: [ '3.2.0' ],
17 silly audit   'estree-walker': [ '2.0.2' ],
17 silly audit   'fast-glob': [ '3.3.3' ],
17 silly audit   fastq: [ '1.20.1' ],
17 silly audit   'fill-range': [ '7.1.1' ],
17 silly audit   'fraction.js': [ '5.3.4' ],
17 silly audit   fsevents: [ '2.3.3' ],
17 silly audit   'function-bind': [ '1.1.2' ],
17 silly audit   hasown: [ '2.0.2' ],
17 silly audit   'is-binary-path': [ '2.1.0' ],
17 silly audit   'is-core-module': [ '2.16.1' ],
17 silly audit   'is-extglob': [ '2.1.1' ],
17 silly audit   'is-glob': [ '4.0.3' ],
17 silly audit   'is-number': [ '7.0.0' ],
17 silly audit   jiti: [ '1.21.7' ],
17 silly audit   jsrsasign: [ '11.1.0' ],
17 silly audit   lilconfig: [ '3.1.3' ],
17 silly audit   'lines-and-columns': [ '1.2.4' ],
17 silly audit   'magic-string': [ '0.30.21' ],
17 silly audit   merge2: [ '1.4.1' ],
17 silly audit   micromatch: [ '4.0.8' ],
17 silly audit   mz: [ '2.7.0' ],
17 silly audit   nanoid: [ '3.3.11' ],
17 silly audit   'node-releases': [ '2.0.27' ],
17 silly audit   'normalize-path': [ '3.0.0' ],
17 silly audit   'object-assign': [ '4.1.1' ],
17 silly audit   'object-hash': [ '3.0.0' ],
17 silly audit   'path-parse': [ '1.0.7' ],
17 silly audit   picocolors: [ '1.1.1' ],
17 silly audit   picomatch: [ '2.3.1', '4.0.3' ],
17 silly audit   pify: [ '2.3.0' ],
17 silly audit   pirates: [ '4.0.7' ],
17 silly audit   postcss: [ '8.5.6' ],
17 silly audit   'postcss-import': [ '15.1.0' ],
17 silly audit   'postcss-js': [ '4.1.0' ],
17 silly audit   'postcss-load-config': [ '6.0.1' ],
17 silly audit   'postcss-nested': [ '6.2.0' ],
17 silly audit   'postcss-selector-parser': [ '6.1.2' ],
17 silly audit   'postcss-value-parser': [ '4.2.0' ],
17 silly audit   'queue-microtask': [ '1.2.3' ],
17 silly audit   react: [ '19.2.4' ],
17 silly audit   'react-dom': [ '19.2.4' ],
17 silly audit   'read-cache': [ '1.0.0' ],
17 silly audit   readdirp: [ '3.6.0' ],
17 silly audit   resolve: [ '1.22.11' ],
17 silly audit   reusify: [ '1.1.0' ],
17 silly audit   rollup: [ '4.57.1' ],
17 silly audit   'run-parallel': [ '1.2.0' ],
17 silly audit   scheduler: [ '0.27.0' ],
17 silly audit   sonner: [ '1.7.4' ],
17 silly audit   'source-map-js': [ '1.2.1' ],
17 silly audit   sucrase: [ '3.35.1' ],
17 silly audit   'supports-preserve-symlinks-flag': [ '1.0.0' ],
17 silly audit   tailwindcss: [ '3.4.19' ],
17 silly audit   thenify: [ '3.3.1' ],
17 silly audit   'thenify-all': [ '1.6.0' ],
17 silly audit   tinyglobby: [ '0.2.15' ],
17 silly audit   fdir: [ '6.5.0' ],
17 silly audit   'to-regex-range': [ '5.0.1' ],
17 silly audit   'ts-interface-checker': [ '0.1.13' ],
17 silly audit   'update-browserslist-db': [ '1.2.3' ],
17 silly audit   'util-deprecate': [ '1.0.2' ],
17 silly audit   vite: [ '5.4.21' ],
17 silly audit   vue: [ '3.5.27' ]
17 silly audit }
18 http fetch POST 200 https://registry.npmjs.org/-/npm/v1/security/advisories/bulk 1900ms
19 silly audit report {
19 silly audit report   esbuild: [
19 silly audit report     {
19 silly audit report       id: 1102341,
19 silly audit report       url: 'https://github.com/advisories/GHSA-67mh-4wv8-2f99',
19 silly audit report       title: 'esbuild enables any website to send any requests to the development server and read the response',
19 silly audit report       severity: 'moderate',
19 silly audit report       vulnerable_versions: '<=0.24.2',
19 silly audit report       cwe: [Array],
19 silly audit report       cvss: [Object]
19 silly audit report     }
19 silly audit report   ]
19 silly audit report }
20 silly packumentCache corgi:https://registry.npmjs.org/esbuild cache-miss
21 http fetch GET 200 https://registry.npmjs.org/esbuild 249ms (cache revalidated)
22 silly packumentCache corgi:https://registry.npmjs.org/esbuild set size:877737 disposed:false
23 silly packumentCache corgi:https://registry.npmjs.org/vite cache-miss
24 http fetch GET 200 https://registry.npmjs.org/vite 244ms (cache revalidated)
25 silly packumentCache corgi:https://registry.npmjs.org/vite set size:2181475 disposed:false
26 silly packumentCache corgi:https://registry.npmjs.org/@vitejs%2fplugin-vue cache-miss
27 http fetch GET 200 https://registry.npmjs.org/@vitejs%2fplugin-vue 249ms (cache revalidated)
28 silly packumentCache corgi:https://registry.npmjs.org/@vitejs%2fplugin-vue set size:170535 disposed:false
29 verbose cwd C:\Users\Administrator\Desktop\blog\2025-blog-public
30 verbose os Windows_NT 10.0.26200
31 verbose node v24.10.0
32 verbose npm  v11.6.2
33 verbose exit 0
34 info ok
