0 verbose cli C:\Program Files\nodejs\node.exe C:\Program Files\nodejs\node_global\node_modules\npm\bin\npm-cli.js
1 info using npm@11.6.2
2 info using node@v24.10.0
3 silly config load:file:C:\Program Files\nodejs\node_global\node_modules\npm\npmrc
4 silly config load:file:C:\Users\Administrator\Desktop\blog\2025-blog-public\.npmrc
5 warn Unknown project config "enable-pre-post-scripts". This will stop working in the next major version of npm.
6 silly config load:file:C:\Users\Administrator\.npmrc
7 silly config load:file:C:\Program Files\nodejs\node_global\etc\npmrc
8 verbose title npm install highlight.js
9 verbose argv "install" "highlight.js"
10 verbose logfile logs-max:10 dir:C:\Users\Administrator\Desktop\blog\2025-blog-public\.npm-cache\_logs\2026-02-05T06_15_00_840Z-
11 verbose logfile C:\Users\Administrator\Desktop\blog\2025-blog-public\.npm-cache\_logs\2026-02-05T06_15_00_840Z-debug-0.log
12 silly logfile start cleaning logs, removing 1 files
13 silly packumentCache heap:4496293888 maxSize:1124073472 maxEntrySize:562036736
14 silly logfile done cleaning log files
15 silly idealTree buildDeps
16 silly fetch manifest highlight.js@*
17 silly packumentCache full:https://registry.npmjs.org/highlight.js cache-miss
18 http fetch GET 200 https://registry.npmjs.org/highlight.js 1868ms (cache miss)
19 silly packumentCache full:https://registry.npmjs.org/highlight.js set size:undefined disposed:false
20 silly placeDep ROOT highlight.js@11.11.1 OK for: 2025-blog-vue@0.0.0 want: *
21 silly reify moves {}
22 silly audit bulk request {
22 silly audit   '@alloc/quick-lru': [ '5.2.0' ],
22 silly audit   '@babel/generator': [ '7.29.1' ],
22 silly audit   '@babel/helper-string-parser': [ '7.27.1' ],
22 silly audit   '@babel/helper-validator-identifier': [ '7.28.5' ],
22 silly audit   '@babel/parser': [ '7.29.0' ],
22 silly audit   '@babel/types': [ '7.29.0' ],
22 silly audit   '@esbuild/aix-ppc64': [ '0.21.5' ],
22 silly audit   '@esbuild/android-arm': [ '0.21.5' ],
22 silly audit   '@esbuild/android-arm64': [ '0.21.5' ],
22 silly audit   '@esbuild/android-x64': [ '0.21.5' ],
22 silly audit   '@esbuild/darwin-arm64': [ '0.21.5' ],
22 silly audit   '@esbuild/darwin-x64': [ '0.21.5' ],
22 silly audit   '@esbuild/freebsd-arm64': [ '0.21.5' ],
22 silly audit   '@esbuild/freebsd-x64': [ '0.21.5' ],
22 silly audit   '@esbuild/linux-arm': [ '0.21.5' ],
22 silly audit   '@esbuild/linux-arm64': [ '0.21.5' ],
22 silly audit   '@esbuild/linux-ia32': [ '0.21.5' ],
22 silly audit   '@esbuild/linux-loong64': [ '0.21.5' ],
22 silly audit   '@esbuild/linux-mips64el': [ '0.21.5' ],
22 silly audit   '@esbuild/linux-ppc64': [ '0.21.5' ],
22 silly audit   '@esbuild/linux-riscv64': [ '0.21.5' ],
22 silly audit   '@esbuild/linux-s390x': [ '0.21.5' ],
22 silly audit   '@esbuild/linux-x64': [ '0.21.5' ],
22 silly audit   '@esbuild/netbsd-x64': [ '0.21.5' ],
22 silly audit   '@esbuild/openbsd-x64': [ '0.21.5' ],
22 silly audit   '@esbuild/sunos-x64': [ '0.21.5' ],
22 silly audit   '@esbuild/win32-arm64': [ '0.21.5' ],
22 silly audit   '@esbuild/win32-ia32': [ '0.21.5' ],
22 silly audit   '@esbuild/win32-x64': [ '0.21.5' ],
22 silly audit   '@jridgewell/gen-mapping': [ '0.3.13' ],
22 silly audit   '@jridgewell/remapping': [ '2.3.5' ],
22 silly audit   '@jridgewell/resolve-uri': [ '3.1.2' ],
22 silly audit   '@jridgewell/sourcemap-codec': [ '1.5.5' ],
22 silly audit   '@jridgewell/trace-mapping': [ '0.3.31' ],
22 silly audit   '@nodelib/fs.scandir': [ '2.1.5' ],
22 silly audit   '@nodelib/fs.stat': [ '2.0.5' ],
22 silly audit   '@nodelib/fs.walk': [ '1.2.8' ],
22 silly audit   '@rollup/rollup-android-arm-eabi': [ '4.57.1' ],
22 silly audit   '@rollup/rollup-android-arm64': [ '4.57.1' ],
22 silly audit   '@rollup/rollup-darwin-arm64': [ '4.57.1' ],
22 silly audit   '@rollup/rollup-darwin-x64': [ '4.57.1' ],
22 silly audit   '@rollup/rollup-freebsd-arm64': [ '4.57.1' ],
22 silly audit   '@rollup/rollup-freebsd-x64': [ '4.57.1' ],
22 silly audit   '@rollup/rollup-linux-arm-gnueabihf': [ '4.57.1' ],
22 silly audit   '@rollup/rollup-linux-arm-musleabihf': [ '4.57.1' ],
22 silly audit   '@rollup/rollup-linux-arm64-gnu': [ '4.57.1' ],
22 silly audit   '@rollup/rollup-linux-arm64-musl': [ '4.57.1' ],
22 silly audit   '@rollup/rollup-linux-loong64-gnu': [ '4.57.1' ],
22 silly audit   '@rollup/rollup-linux-loong64-musl': [ '4.57.1' ],
22 silly audit   '@rollup/rollup-linux-ppc64-gnu': [ '4.57.1' ],
22 silly audit   '@rollup/rollup-linux-ppc64-musl': [ '4.57.1' ],
22 silly audit   '@rollup/rollup-linux-riscv64-gnu': [ '4.57.1' ],
22 silly audit   '@rollup/rollup-linux-riscv64-musl': [ '4.57.1' ],
22 silly audit   '@rollup/rollup-linux-s390x-gnu': [ '4.57.1' ],
22 silly audit   '@rollup/rollup-linux-x64-gnu': [ '4.57.1' ],
22 silly audit   '@rollup/rollup-linux-x64-musl': [ '4.57.1' ],
22 silly audit   '@rollup/rollup-openbsd-x64': [ '4.57.1' ],
22 silly audit   '@rollup/rollup-openharmony-arm64': [ '4.57.1' ],
22 silly audit   '@rollup/rollup-win32-arm64-msvc': [ '4.57.1' ],
22 silly audit   '@rollup/rollup-win32-ia32-msvc': [ '4.57.1' ],
22 silly audit   '@rollup/rollup-win32-x64-gnu': [ '4.57.1' ],
22 silly audit   '@rollup/rollup-win32-x64-msvc': [ '4.57.1' ],
22 silly audit   '@tailwindcss/typography': [ '0.5.19' ],
22 silly audit   'postcss-selector-parser': [ '6.0.10', '6.1.2' ],
22 silly audit   '@types/estree': [ '1.0.8' ],
22 silly audit   '@vitejs/plugin-vue': [ '5.2.4' ],
22 silly audit   '@vue-macros/common': [ '3.1.2' ],
22 silly audit   '@vue/compiler-core': [ '3.5.27' ],
22 silly audit   '@vue/compiler-dom': [ '3.5.27' ],
22 silly audit   '@vue/compiler-sfc': [ '3.5.27' ],
22 silly audit   '@vue/compiler-ssr': [ '3.5.27' ],
22 silly audit   '@vue/devtools-api': [ '8.0.6' ],
22 silly audit   '@vue/devtools-kit': [ '8.0.6' ],
22 silly audit   '@vue/devtools-shared': [ '8.0.6' ],
22 silly audit   '@vue/reactivity': [ '3.5.27' ],
22 silly audit   '@vue/runtime-core': [ '3.5.27' ],
22 silly audit   '@vue/runtime-dom': [ '3.5.27' ],
22 silly audit   '@vue/server-renderer': [ '3.5.27' ],
22 silly audit   '@vue/shared': [ '3.5.27' ],
22 silly audit   acorn: [ '8.15.0' ],
22 silly audit   'any-promise': [ '1.3.0' ],
22 silly audit   anymatch: [ '3.1.3' ],
22 silly audit   arg: [ '5.0.2' ],
22 silly audit   'ast-kit': [ '2.2.0' ],
22 silly audit   'ast-walker-scope': [ '0.8.3' ],
22 silly audit   autoprefixer: [ '10.4.24' ],
22 silly audit   'baseline-browser-mapping': [ '2.9.19' ],
22 silly audit   'binary-extensions': [ '2.3.0' ],
22 silly audit   birpc: [ '2.9.0' ],
22 silly audit   braces: [ '3.0.3' ],
22 silly audit   browserslist: [ '4.28.1' ],
22 silly audit   'camelcase-css': [ '2.0.1' ],
22 silly audit   'caniuse-lite': [ '1.0.30001767' ],
22 silly audit   chokidar: [ '3.6.0', '5.0.0' ],
22 silly audit   'glob-parent': [ '5.1.2', '6.0.2' ],
22 silly audit   commander: [ '4.1.1' ],
22 silly audit   confbox: [ '0.2.2', '0.1.8' ],
22 silly audit   'copy-anything': [ '4.0.5' ],
22 silly audit   cssesc: [ '3.0.0' ],
22 silly audit   csstype: [ '3.2.3' ],
22 silly audit   didyoumean: [ '1.2.2' ],
22 silly audit   dlv: [ '1.1.3' ],
22 silly audit   'electron-to-chromium': [ '1.5.286' ],
22 silly audit   entities: [ '7.0.1' ],
22 silly audit   esbuild: [ '0.21.5' ],
22 silly audit   escalade: [ '3.2.0' ],
22 silly audit   'estree-walker': [ '2.0.2' ],
22 silly audit   exsolve: [ '1.0.8' ],
22 silly audit   'fast-glob': [ '3.3.3' ],
22 silly audit   fastq: [ '1.20.1' ],
22 silly audit   'fill-range': [ '7.1.1' ],
22 silly audit   'fraction.js': [ '5.3.4' ],
22 silly audit   fsevents: [ '2.3.3' ],
22 silly audit   'function-bind': [ '1.1.2' ],
22 silly audit   hasown: [ '2.0.2' ],
22 silly audit   hookable: [ '5.5.3' ],
22 silly audit   'is-binary-path': [ '2.1.0' ],
22 silly audit   'is-core-module': [ '2.16.1' ],
22 silly audit   'is-extglob': [ '2.1.1' ],
22 silly audit   'is-glob': [ '4.0.3' ],
22 silly audit   'is-number': [ '7.0.0' ],
22 silly audit   'is-what': [ '5.5.0' ],
22 silly audit   jiti: [ '1.21.7' ],
22 silly audit   jsesc: [ '3.1.0' ],
22 silly audit   json5: [ '2.2.3' ],
22 silly audit   jsrsasign: [ '11.1.0' ],
22 silly audit   lilconfig: [ '3.1.3' ],
22 silly audit   'lines-and-columns': [ '1.2.4' ],
22 silly audit   'local-pkg': [ '1.1.2' ],
22 silly audit   'lucide-vue-next': [ '0.563.0' ],
22 silly audit   'magic-string': [ '0.30.21' ],
22 silly audit   'magic-string-ast': [ '1.0.3' ],
22 silly audit   marked: [ '17.0.1' ],
22 silly audit   merge2: [ '1.4.1' ],
22 silly audit   micromatch: [ '4.0.8' ],
22 silly audit   mitt: [ '3.0.1' ],
22 silly audit   mlly: [ '1.8.0' ],
22 silly audit   'pkg-types': [ '1.3.1', '2.3.0' ],
22 silly audit   'muggle-string': [ '0.4.1' ],
22 silly audit   mz: [ '2.7.0' ],
22 silly audit   nanoid: [ '3.3.11' ],
22 silly audit   'node-releases': [ '2.0.27' ],
22 silly audit   'normalize-path': [ '3.0.0' ],
22 silly audit   'object-assign': [ '4.1.1' ],
22 silly audit   'object-hash': [ '3.0.0' ],
22 silly audit   'path-parse': [ '1.0.7' ],
22 silly audit   pathe: [ '2.0.3' ],
22 silly audit   'perfect-debounce': [ '2.1.0' ],
22 silly audit   picocolors: [ '1.1.1' ],
22 silly audit   picomatch: [ '2.3.1', '4.0.3' ],
22 silly audit   pify: [ '2.3.0' ],
22 silly audit   pirates: [ '4.0.7' ],
22 silly audit   postcss: [ '8.5.6' ],
22 silly audit   'postcss-import': [ '15.1.0' ],
22 silly audit   'postcss-js': [ '4.1.0' ],
22 silly audit   'postcss-load-config': [ '6.0.1' ],
22 silly audit   'postcss-nested': [ '6.2.0' ],
22 silly audit   'postcss-value-parser': [ '4.2.0' ],
22 silly audit   quansync: [ '0.2.11' ],
22 silly audit   'queue-microtask': [ '1.2.3' ],
22 silly audit   'read-cache': [ '1.0.0' ],
22 silly audit   readdirp: [ '3.6.0', '5.0.0' ],
22 silly audit   resolve: [ '1.22.11' ],
22 silly audit   reusify: [ '1.1.0' ],
22 silly audit   rfdc: [ '1.4.1' ],
22 silly audit   rollup: [ '4.57.1' ],
22 silly audit   'run-parallel': [ '1.2.0' ],
22 silly audit   scule: [ '1.3.0' ],
22 silly audit   'source-map-js': [ '1.2.1' ],
22 silly audit   speakingurl: [ '14.0.1' ],
22 silly audit   sucrase: [ '3.35.1' ],
22 silly audit   superjson: [ '2.2.6' ],
22 silly audit   'supports-preserve-symlinks-flag': [ '1.0.0' ],
22 silly audit   tailwindcss: [ '3.4.19' ],
22 silly audit   thenify: [ '3.3.1' ],
22 silly audit   'thenify-all': [ '1.6.0' ],
22 silly audit   tinyglobby: [ '0.2.15' ],
22 silly audit   fdir: [ '6.5.0' ],
22 silly audit   'to-regex-range': [ '5.0.1' ],
22 silly audit   'ts-interface-checker': [ '0.1.13' ],
22 silly audit   ufo: [ '1.6.3' ],
22 silly audit   unplugin: [ '3.0.0' ],
22 silly audit   'unplugin-utils': [ '0.3.1' ],
22 silly audit   'update-browserslist-db': [ '1.2.3' ],
22 silly audit   'util-deprecate': [ '1.0.2' ],
22 silly audit   vite: [ '5.4.21' ],
22 silly audit   vue: [ '3.5.27' ],
22 silly audit   'vue-router': [ '5.0.2' ],
22 silly audit   'vue-sonner': [ '2.0.9' ],
22 silly audit   'webpack-virtual-modules': [ '0.6.2' ],
22 silly audit   yaml: [ '2.8.2' ],
22 silly audit   'highlight.js': [ '11.11.1' ]
22 silly audit }
23 http cache highlight.js@https://registry.npmjs.org/highlight.js/-/highlight.js-11.11.1.tgz 0ms (cache hit)
24 silly tarball no local data for highlight.js@https://registry.npmjs.org/highlight.js/-/highlight.js-11.11.1.tgz. Extracting by manifest.
25 http fetch POST 200 https://registry.npmjs.org/-/npm/v1/security/advisories/bulk 218ms
26 silly audit report {
26 silly audit report   esbuild: [
26 silly audit report     {
26 silly audit report       id: 1102341,
26 silly audit report       url: 'https://github.com/advisories/GHSA-67mh-4wv8-2f99',
26 silly audit report       title: 'esbuild enables any website to send any requests to the development server and read the response',
26 silly audit report       severity: 'moderate',
26 silly audit report       vulnerable_versions: '<=0.24.2',
26 silly audit report       cwe: [Array],
26 silly audit report       cvss: [Object]
26 silly audit report     }
26 silly audit report   ]
26 silly audit report }
27 silly packumentCache corgi:https://registry.npmjs.org/esbuild cache-miss
28 http fetch GET 200 https://registry.npmjs.org/esbuild 189ms (cache revalidated)
29 silly packumentCache corgi:https://registry.npmjs.org/esbuild set size:877737 disposed:false
30 silly packumentCache corgi:https://registry.npmjs.org/vite cache-miss
31 http fetch GET 200 https://registry.npmjs.org/vite 190ms (cache revalidated)
32 silly packumentCache corgi:https://registry.npmjs.org/vite set size:2181475 disposed:false
33 silly packumentCache corgi:https://registry.npmjs.org/@vitejs%2fplugin-vue cache-miss
34 http fetch GET 200 https://registry.npmjs.org/@vitejs%2fplugin-vue 215ms (cache revalidated)
35 silly packumentCache corgi:https://registry.npmjs.org/@vitejs%2fplugin-vue set size:170535 disposed:false
36 http fetch GET 200 https://registry.npmjs.org/highlight.js/-/highlight.js-11.11.1.tgz 2720ms (cache miss)
37 silly ADD node_modules/highlight.js
38 verbose cwd C:\Users\Administrator\Desktop\blog\2025-blog-public
39 verbose os Windows_NT 10.0.26200
40 verbose node v24.10.0
41 verbose npm  v11.6.2
42 verbose exit 0
43 info ok
