0 verbose cli C:\Program Files\nodejs\node.exe C:\Program Files\nodejs\node_global\node_modules\npm\bin\npm-cli.js
1 info using npm@11.6.2
2 info using node@v24.10.0
3 silly config load:file:C:\Program Files\nodejs\node_global\node_modules\npm\npmrc
4 silly config load:file:C:\Users\Administrator\Desktop\blog\2025-blog-public\.npmrc
5 warn Unknown project config "enable-pre-post-scripts". This will stop working in the next major version of npm.
6 silly config load:file:C:\Users\Administrator\.npmrc
7 silly config load:file:C:\Program Files\nodejs\node_global\etc\npmrc
8 verbose title npm install monaco-editor
9 verbose argv "install" "monaco-editor"
10 verbose logfile logs-max:10 dir:C:\Users\Administrator\Desktop\blog\2025-blog-public\.npm-cache\_logs\2026-02-05T12_13_23_321Z-
11 verbose logfile C:\Users\Administrator\Desktop\blog\2025-blog-public\.npm-cache\_logs\2026-02-05T12_13_23_321Z-debug-0.log
12 silly logfile start cleaning logs, removing 1 files
13 silly packumentCache heap:4496293888 maxSize:1124073472 maxEntrySize:562036736
14 silly logfile done cleaning log files
15 silly idealTree buildDeps
16 silly fetch manifest monaco-editor@*
17 silly packumentCache full:https://registry.npmjs.org/monaco-editor cache-miss
18 http fetch GET 200 https://registry.npmjs.org/monaco-editor 2083ms (cache miss)
19 silly packumentCache full:https://registry.npmjs.org/monaco-editor set size:undefined disposed:false
20 silly placeDep ROOT monaco-editor@0.55.1 OK for: 2025-blog-vue@0.0.0 want: *
21 silly fetch manifest marked@14.0.0
22 silly packumentCache full:https://registry.npmjs.org/marked cache-miss
23 silly fetch manifest dompurify@3.2.7
24 silly packumentCache full:https://registry.npmjs.org/dompurify cache-miss
25 http fetch GET 200 https://registry.npmjs.org/dompurify 277ms (cache miss)
26 silly packumentCache full:https://registry.npmjs.org/dompurify set size:undefined disposed:false
27 http fetch GET 200 https://registry.npmjs.org/marked 960ms (cache revalidated)
28 silly packumentCache full:https://registry.npmjs.org/marked set size:702963 disposed:false
29 silly placeDep ROOT dompurify@3.2.7 OK for: monaco-editor@0.55.1 want: 3.2.7
30 silly placeDep node_modules/monaco-editor marked@14.0.0 OK for: monaco-editor@0.55.1 want: 14.0.0
31 silly fetch manifest @types/trusted-types@^2.0.7
32 silly packumentCache full:https://registry.npmjs.org/@types%2ftrusted-types cache-miss
33 http fetch GET 200 https://registry.npmjs.org/@types%2ftrusted-types 292ms (cache miss)
34 silly packumentCache full:https://registry.npmjs.org/@types%2ftrusted-types set size:undefined disposed:false
35 silly placeDep ROOT @types/trusted-types@2.0.7 OK for: dompurify@3.2.7 want: ^2.0.7
36 silly reify moves {}
37 silly audit bulk request {
37 silly audit   '@alloc/quick-lru': [ '5.2.0' ],
37 silly audit   '@babel/generator': [ '7.29.1' ],
37 silly audit   '@babel/helper-string-parser': [ '7.27.1' ],
37 silly audit   '@babel/helper-validator-identifier': [ '7.28.5' ],
37 silly audit   '@babel/parser': [ '7.29.0' ],
37 silly audit   '@babel/types': [ '7.29.0' ],
37 silly audit   '@esbuild/aix-ppc64': [ '0.21.5' ],
37 silly audit   '@esbuild/android-arm': [ '0.21.5' ],
37 silly audit   '@esbuild/android-arm64': [ '0.21.5' ],
37 silly audit   '@esbuild/android-x64': [ '0.21.5' ],
37 silly audit   '@esbuild/darwin-arm64': [ '0.21.5' ],
37 silly audit   '@esbuild/darwin-x64': [ '0.21.5' ],
37 silly audit   '@esbuild/freebsd-arm64': [ '0.21.5' ],
37 silly audit   '@esbuild/freebsd-x64': [ '0.21.5' ],
37 silly audit   '@esbuild/linux-arm': [ '0.21.5' ],
37 silly audit   '@esbuild/linux-arm64': [ '0.21.5' ],
37 silly audit   '@esbuild/linux-ia32': [ '0.21.5' ],
37 silly audit   '@esbuild/linux-loong64': [ '0.21.5' ],
37 silly audit   '@esbuild/linux-mips64el': [ '0.21.5' ],
37 silly audit   '@esbuild/linux-ppc64': [ '0.21.5' ],
37 silly audit   '@esbuild/linux-riscv64': [ '0.21.5' ],
37 silly audit   '@esbuild/linux-s390x': [ '0.21.5' ],
37 silly audit   '@esbuild/linux-x64': [ '0.21.5' ],
37 silly audit   '@esbuild/netbsd-x64': [ '0.21.5' ],
37 silly audit   '@esbuild/openbsd-x64': [ '0.21.5' ],
37 silly audit   '@esbuild/sunos-x64': [ '0.21.5' ],
37 silly audit   '@esbuild/win32-arm64': [ '0.21.5' ],
37 silly audit   '@esbuild/win32-ia32': [ '0.21.5' ],
37 silly audit   '@esbuild/win32-x64': [ '0.21.5' ],
37 silly audit   '@jridgewell/gen-mapping': [ '0.3.13' ],
37 silly audit   '@jridgewell/remapping': [ '2.3.5' ],
37 silly audit   '@jridgewell/resolve-uri': [ '3.1.2' ],
37 silly audit   '@jridgewell/sourcemap-codec': [ '1.5.5' ],
37 silly audit   '@jridgewell/trace-mapping': [ '0.3.31' ],
37 silly audit   '@nodelib/fs.scandir': [ '2.1.5' ],
37 silly audit   '@nodelib/fs.stat': [ '2.0.5' ],
37 silly audit   '@nodelib/fs.walk': [ '1.2.8' ],
37 silly audit   '@rollup/rollup-android-arm-eabi': [ '4.57.1' ],
37 silly audit   '@rollup/rollup-android-arm64': [ '4.57.1' ],
37 silly audit   '@rollup/rollup-darwin-arm64': [ '4.57.1' ],
37 silly audit   '@rollup/rollup-darwin-x64': [ '4.57.1' ],
37 silly audit   '@rollup/rollup-freebsd-arm64': [ '4.57.1' ],
37 silly audit   '@rollup/rollup-freebsd-x64': [ '4.57.1' ],
37 silly audit   '@rollup/rollup-linux-arm-gnueabihf': [ '4.57.1' ],
37 silly audit   '@rollup/rollup-linux-arm-musleabihf': [ '4.57.1' ],
37 silly audit   '@rollup/rollup-linux-arm64-gnu': [ '4.57.1' ],
37 silly audit   '@rollup/rollup-linux-arm64-musl': [ '4.57.1' ],
37 silly audit   '@rollup/rollup-linux-loong64-gnu': [ '4.57.1' ],
37 silly audit   '@rollup/rollup-linux-loong64-musl': [ '4.57.1' ],
37 silly audit   '@rollup/rollup-linux-ppc64-gnu': [ '4.57.1' ],
37 silly audit   '@rollup/rollup-linux-ppc64-musl': [ '4.57.1' ],
37 silly audit   '@rollup/rollup-linux-riscv64-gnu': [ '4.57.1' ],
37 silly audit   '@rollup/rollup-linux-riscv64-musl': [ '4.57.1' ],
37 silly audit   '@rollup/rollup-linux-s390x-gnu': [ '4.57.1' ],
37 silly audit   '@rollup/rollup-linux-x64-gnu': [ '4.57.1' ],
37 silly audit   '@rollup/rollup-linux-x64-musl': [ '4.57.1' ],
37 silly audit   '@rollup/rollup-openbsd-x64': [ '4.57.1' ],
37 silly audit   '@rollup/rollup-openharmony-arm64': [ '4.57.1' ],
37 silly audit   '@rollup/rollup-win32-arm64-msvc': [ '4.57.1' ],
37 silly audit   '@rollup/rollup-win32-ia32-msvc': [ '4.57.1' ],
37 silly audit   '@rollup/rollup-win32-x64-gnu': [ '4.57.1' ],
37 silly audit   '@rollup/rollup-win32-x64-msvc': [ '4.57.1' ],
37 silly audit   '@tailwindcss/typography': [ '0.5.19' ],
37 silly audit   'postcss-selector-parser': [ '6.0.10', '6.1.2' ],
37 silly audit   '@types/estree': [ '1.0.8' ],
37 silly audit   '@vitejs/plugin-vue': [ '5.2.4' ],
37 silly audit   '@vue-macros/common': [ '3.1.2' ],
37 silly audit   '@vue/compiler-core': [ '3.5.27' ],
37 silly audit   '@vue/compiler-dom': [ '3.5.27' ],
37 silly audit   '@vue/compiler-sfc': [ '3.5.27' ],
37 silly audit   '@vue/compiler-ssr': [ '3.5.27' ],
37 silly audit   '@vue/devtools-api': [ '8.0.6' ],
37 silly audit   '@vue/devtools-kit': [ '8.0.6' ],
37 silly audit   '@vue/devtools-shared': [ '8.0.6' ],
37 silly audit   '@vue/reactivity': [ '3.5.27' ],
37 silly audit   '@vue/runtime-core': [ '3.5.27' ],
37 silly audit   '@vue/runtime-dom': [ '3.5.27' ],
37 silly audit   '@vue/server-renderer': [ '3.5.27' ],
37 silly audit   '@vue/shared': [ '3.5.27' ],
37 silly audit   acorn: [ '8.15.0' ],
37 silly audit   'any-promise': [ '1.3.0' ],
37 silly audit   anymatch: [ '3.1.3' ],
37 silly audit   arg: [ '5.0.2' ],
37 silly audit   'ast-kit': [ '2.2.0' ],
37 silly audit   'ast-walker-scope': [ '0.8.3' ],
37 silly audit   autoprefixer: [ '10.4.24' ],
37 silly audit   'baseline-browser-mapping': [ '2.9.19' ],
37 silly audit   'binary-extensions': [ '2.3.0' ],
37 silly audit   birpc: [ '2.9.0' ],
37 silly audit   braces: [ '3.0.3' ],
37 silly audit   browserslist: [ '4.28.1' ],
37 silly audit   'camelcase-css': [ '2.0.1' ],
37 silly audit   'caniuse-lite': [ '1.0.30001767' ],
37 silly audit   chokidar: [ '3.6.0', '5.0.0' ],
37 silly audit   'glob-parent': [ '5.1.2', '6.0.2' ],
37 silly audit   commander: [ '4.1.1' ],
37 silly audit   confbox: [ '0.2.2', '0.1.8' ],
37 silly audit   'copy-anything': [ '4.0.5' ],
37 silly audit   cssesc: [ '3.0.0' ],
37 silly audit   csstype: [ '3.2.3' ],
37 silly audit   didyoumean: [ '1.2.2' ],
37 silly audit   dlv: [ '1.1.3' ],
37 silly audit   'electron-to-chromium': [ '1.5.286' ],
37 silly audit   entities: [ '7.0.1' ],
37 silly audit   esbuild: [ '0.21.5' ],
37 silly audit   escalade: [ '3.2.0' ],
37 silly audit   'estree-walker': [ '2.0.2' ],
37 silly audit   exsolve: [ '1.0.8' ],
37 silly audit   'fast-glob': [ '3.3.3' ],
37 silly audit   fastq: [ '1.20.1' ],
37 silly audit   'fill-range': [ '7.1.1' ],
37 silly audit   'fraction.js': [ '5.3.4' ],
37 silly audit   fsevents: [ '2.3.3' ],
37 silly audit   'function-bind': [ '1.1.2' ],
37 silly audit   hasown: [ '2.0.2' ],
37 silly audit   'highlight.js': [ '11.11.1' ],
37 silly audit   hookable: [ '5.5.3' ],
37 silly audit   'is-binary-path': [ '2.1.0' ],
37 silly audit   'is-core-module': [ '2.16.1' ],
37 silly audit   'is-extglob': [ '2.1.1' ],
37 silly audit   'is-glob': [ '4.0.3' ],
37 silly audit   'is-number': [ '7.0.0' ],
37 silly audit   'is-what': [ '5.5.0' ],
37 silly audit   jiti: [ '1.21.7' ],
37 silly audit   jsesc: [ '3.1.0' ],
37 silly audit   json5: [ '2.2.3' ],
37 silly audit   jsrsasign: [ '11.1.0' ],
37 silly audit   lilconfig: [ '3.1.3' ],
37 silly audit   'lines-and-columns': [ '1.2.4' ],
37 silly audit   'local-pkg': [ '1.1.2' ],
37 silly audit   'lucide-vue-next': [ '0.563.0' ],
37 silly audit   'magic-string': [ '0.30.21' ],
37 silly audit   'magic-string-ast': [ '1.0.3' ],
37 silly audit   marked: [ '17.0.1', '14.0.0' ],
37 silly audit   merge2: [ '1.4.1' ],
37 silly audit   micromatch: [ '4.0.8' ],
37 silly audit   mitt: [ '3.0.1' ],
37 silly audit   mlly: [ '1.8.0' ],
37 silly audit   'pkg-types': [ '1.3.1', '2.3.0' ],
37 silly audit   'muggle-string': [ '0.4.1' ],
37 silly audit   mz: [ '2.7.0' ],
37 silly audit   nanoid: [ '3.3.11' ],
37 silly audit   'node-releases': [ '2.0.27' ],
37 silly audit   'normalize-path': [ '3.0.0' ],
37 silly audit   'object-assign': [ '4.1.1' ],
37 silly audit   'object-hash': [ '3.0.0' ],
37 silly audit   'path-parse': [ '1.0.7' ],
37 silly audit   pathe: [ '2.0.3' ],
37 silly audit   'perfect-debounce': [ '2.1.0' ],
37 silly audit   picocolors: [ '1.1.1' ],
37 silly audit   picomatch: [ '2.3.1', '4.0.3' ],
37 silly audit   pify: [ '2.3.0' ],
37 silly audit   pirates: [ '4.0.7' ],
37 silly audit   postcss: [ '8.5.6' ],
37 silly audit   'postcss-import': [ '15.1.0' ],
37 silly audit   'postcss-js': [ '4.1.0' ],
37 silly audit   'postcss-load-config': [ '6.0.1' ],
37 silly audit   'postcss-nested': [ '6.2.0' ],
37 silly audit   'postcss-value-parser': [ '4.2.0' ],
37 silly audit   quansync: [ '0.2.11' ],
37 silly audit   'queue-microtask': [ '1.2.3' ],
37 silly audit   'read-cache': [ '1.0.0' ],
37 silly audit   readdirp: [ '3.6.0', '5.0.0' ],
37 silly audit   resolve: [ '1.22.11' ],
37 silly audit   reusify: [ '1.1.0' ],
37 silly audit   rfdc: [ '1.4.1' ],
37 silly audit   rollup: [ '4.57.1' ],
37 silly audit   'run-parallel': [ '1.2.0' ],
37 silly audit   scule: [ '1.3.0' ],
37 silly audit   'source-map-js': [ '1.2.1' ],
37 silly audit   speakingurl: [ '14.0.1' ],
37 silly audit   sucrase: [ '3.35.1' ],
37 silly audit   superjson: [ '2.2.6' ],
37 silly audit   'supports-preserve-symlinks-flag': [ '1.0.0' ],
37 silly audit   tailwindcss: [ '3.4.19' ],
37 silly audit   thenify: [ '3.3.1' ],
37 silly audit   'thenify-all': [ '1.6.0' ],
37 silly audit   tinyglobby: [ '0.2.15' ],
37 silly audit   fdir: [ '6.5.0' ],
37 silly audit   'to-regex-range': [ '5.0.1' ],
37 silly audit   'ts-interface-checker': [ '0.1.13' ],
37 silly audit   ufo: [ '1.6.3' ],
37 silly audit   unplugin: [ '3.0.0' ],
37 silly audit   'unplugin-utils': [ '0.3.1' ],
37 silly audit   'update-browserslist-db': [ '1.2.3' ],
37 silly audit   'util-deprecate': [ '1.0.2' ],
37 silly audit   vite: [ '5.4.21' ],
37 silly audit   vue: [ '3.5.27' ],
37 silly audit   'vue-router': [ '5.0.2' ],
37 silly audit   'vue-sonner': [ '2.0.9' ],
37 silly audit   'webpack-virtual-modules': [ '0.6.2' ],
37 silly audit   yaml: [ '2.8.2' ],
37 silly audit   'monaco-editor': [ '0.55.1' ],
37 silly audit   dompurify: [ '3.2.7' ],
37 silly audit   '@types/trusted-types': [ '2.0.7' ]
37 silly audit }
38 http cache @types/trusted-types@https://registry.npmjs.org/@types/trusted-types/-/trusted-types-2.0.7.tgz 0ms (cache hit)
39 silly tarball no local data for @types/trusted-types@https://registry.npmjs.org/@types/trusted-types/-/trusted-types-2.0.7.tgz. Extracting by manifest.
40 http cache marked@https://registry.npmjs.org/marked/-/marked-14.0.0.tgz 0ms (cache hit)
41 http cache dompurify@https://registry.npmjs.org/dompurify/-/dompurify-3.2.7.tgz 0ms (cache hit)
42 http cache monaco-editor@https://registry.npmjs.org/monaco-editor/-/monaco-editor-0.55.1.tgz 0ms (cache hit)
43 silly tarball no local data for marked@https://registry.npmjs.org/marked/-/marked-14.0.0.tgz. Extracting by manifest.
44 silly tarball no local data for dompurify@https://registry.npmjs.org/dompurify/-/dompurify-3.2.7.tgz. Extracting by manifest.
45 silly tarball no local data for monaco-editor@https://registry.npmjs.org/monaco-editor/-/monaco-editor-0.55.1.tgz. Extracting by manifest.
46 http fetch POST 200 https://registry.npmjs.org/-/npm/v1/security/advisories/bulk 264ms
47 silly audit report {
47 silly audit report   esbuild: [
47 silly audit report     {
47 silly audit report       id: 1102341,
47 silly audit report       url: 'https://github.com/advisories/GHSA-67mh-4wv8-2f99',
47 silly audit report       title: 'esbuild enables any website to send any requests to the development server and read the response',
47 silly audit report       severity: 'moderate',
47 silly audit report       vulnerable_versions: '<=0.24.2',
47 silly audit report       cwe: [Array],
47 silly audit report       cvss: [Object]
47 silly audit report     }
47 silly audit report   ]
47 silly audit report }
48 silly packumentCache corgi:https://registry.npmjs.org/esbuild cache-miss
49 http fetch GET 200 https://registry.npmjs.org/@types/trusted-types/-/trusted-types-2.0.7.tgz 296ms (cache miss)
50 http fetch GET 200 https://registry.npmjs.org/esbuild 249ms (cache revalidated)
51 silly packumentCache corgi:https://registry.npmjs.org/esbuild set size:877737 disposed:false
52 silly packumentCache corgi:https://registry.npmjs.org/vite cache-miss
53 http fetch GET 200 https://registry.npmjs.org/vite 273ms (cache revalidated)
54 silly packumentCache corgi:https://registry.npmjs.org/vite set size:2181475 disposed:false
55 silly packumentCache corgi:https://registry.npmjs.org/@vitejs%2fplugin-vue cache-miss
56 http fetch GET 200 https://registry.npmjs.org/@vitejs%2fplugin-vue 296ms (cache revalidated)
57 silly packumentCache corgi:https://registry.npmjs.org/@vitejs%2fplugin-vue set size:170535 disposed:false
58 http fetch GET 200 https://registry.npmjs.org/marked/-/marked-14.0.0.tgz 1372ms (cache miss)
59 http fetch GET 200 https://registry.npmjs.org/dompurify/-/dompurify-3.2.7.tgz 1749ms (cache miss)
60 http fetch GET 200 https://registry.npmjs.org/monaco-editor/-/monaco-editor-0.55.1.tgz 4815ms (cache miss)
61 silly ADD node_modules/@types/trusted-types
62 silly ADD node_modules/dompurify
63 silly ADD node_modules/monaco-editor
64 silly ADD node_modules/monaco-editor/node_modules/marked
65 verbose cwd C:\Users\Administrator\Desktop\blog\2025-blog-public
66 verbose os Windows_NT 10.0.26200
67 verbose node v24.10.0
68 verbose npm  v11.6.2
69 verbose exit 0
70 info ok
